#-----------------------------------------------------------
# Vivado v2016.2 (64-bit)
# SW Build 1577090 on Thu Jun  2 16:32:35 MDT 2016
# IP Build 1577682 on Fri Jun  3 12:00:54 MDT 2016
# Start of session at: Thu Oct  4 17:10:56 2018
# Process ID: 18460
# Current directory: /afs/athena.mit.edu/user/m/a/magson/Documents/6111
# Command line: vivado
# Log file: /afs/athena.mit.edu/user/m/a/magson/Documents/6111/vivado.log
# Journal file: /afs/athena.mit.edu/user/m/a/magson/Documents/6111/vivado.jou
#-----------------------------------------------------------
start_gui
open_project /afs/athena.mit.edu/user/m/a/magson/Documents/6111/6111work/Labs/Lab4/Lab4/Lab4.xpr
Scanning sources...
Finished scanning sources
INFO: [IP_Flow 19-234] Refreshing IP repositories
INFO: [IP_Flow 19-1704] No user IP repositories specified
INFO: [IP_Flow 19-2313] Loaded Vivado IP repository '/var/local/xilinx-local/Vivado/2016.2/data/ip'.
update_compile_order -fileset sources_1
exit
INFO: [Common 17-206] Exiting Vivado at Thu Oct  4 18:40:32 2018...
