Release 10.1.03 - xst K.39 (lin64)
Copyright (c) 1995-2008 Xilinx, Inc.  All rights reserved.
--> 
Parameter TMPDIR set to /afs/athena.mit.edu/user/m/a/magson/Documents/6111work/Labs/Lab2/sevensegcounter/xst/projnav.tmp


Total REAL time to Xst completion: 0.00 secs
Total CPU time to Xst completion: 0.03 secs
 
--> 
Parameter xsthdpdir set to /afs/athena.mit.edu/user/m/a/magson/Documents/6111work/Labs/Lab2/sevensegcounter/xst


Total REAL time to Xst completion: 0.00 secs
Total CPU time to Xst completion: 0.03 secs
 
--> 
Reading design: labkit.prj

TABLE OF CONTENTS
  1) Synthesis Options Summary
  2) HDL Compilation
  3) Design Hierarchy Analysis
  4) HDL Analysis
  5) HDL Synthesis
     5.1) HDL Synthesis Report
  6) Advanced HDL Synthesis
     6.1) Advanced HDL Synthesis Report
  7) Low Level Synthesis
  8) Partition Report
  9) Final Report
     9.1) Device utilization summary
     9.2) Partition Resource Summary
     9.3) TIMING REPORT


=========================================================================
*                      Synthesis Options Summary                        *
=========================================================================
---- Source Parameters
Input File Name                    : "labkit.prj"
Input Format                       : mixed
Ignore Synthesis Constraint File   : NO

---- Target Parameters
Output File Name                   : "labkit"
Output Format                      : NGC
Target Device                      : xc2v6000-4-bf957

---- Source Options
Top Module Name                    : labkit
Automatic FSM Extraction           : YES
FSM Encoding Algorithm             : Auto
Safe Implementation                : No
FSM Style                          : lut
RAM Extraction                     : Yes
RAM Style                          : Auto
ROM Extraction                     : Yes
Mux Style                          : Auto
Decoder Extraction                 : YES
Priority Encoder Extraction        : YES
Shift Register Extraction          : YES
Logical Shifter Extraction         : YES
XOR Collapsing                     : YES
ROM Style                          : Auto
Mux Extraction                     : YES
Resource Sharing                   : YES
Asynchronous To Synchronous        : NO
Multiplier Style                   : auto
Automatic Register Balancing       : No

---- Target Options
Add IO Buffers                     : YES
Global Maximum Fanout              : 500
Add Generic Clock Buffer(BUFG)     : 16
Register Duplication               : YES
Slice Packing                      : YES
Optimize Instantiated Primitives   : NO
Convert Tristates To Logic         : Yes
Use Clock Enable                   : Yes
Use Synchronous Set                : Yes
Use Synchronous Reset              : Yes
Pack IO Registers into IOBs        : auto
Equivalent register Removal        : YES

---- General Options
Optimization Goal                  : Speed
Optimization Effort                : 1
Library Search Order               : labkit.lso
Keep Hierarchy                     : NO
Netlist Hierarchy                  : as_optimized
RTL Output                         : Yes
Global Optimization                : AllClockNets
Read Cores                         : YES
Write Timing Constraints           : NO
Cross Clock Analysis               : NO
Hierarchy Separator                : /
Bus Delimiter                      : <>
Case Specifier                     : maintain
Slice Utilization Ratio            : 100
BRAM Utilization Ratio             : 100
Verilog 2001                       : YES
Auto BRAM Packing                  : NO
Slice Utilization Ratio Delta      : 5

=========================================================================


=========================================================================
*                          HDL Compilation                              *
=========================================================================
Compiling verilog file "../sources/counter.v" in library work
Compiling verilog file "../sources/binary_to_seven_seg_decoder.v" in library work
Module <counter> compiled
Compiling verilog file "debounce.v" in library work
Module <binary_to_seven_seg_decoder> compiled
Compiling verilog file "labkit.v" in library work
Module <debounce> compiled
Module <labkit> compiled
No errors in compilation
Analysis of file <"labkit.prj"> succeeded.
 

=========================================================================
*                     Design Hierarchy Analysis                         *
=========================================================================
Analyzing hierarchy for module <labkit> in library <work>.

Analyzing hierarchy for module <debounce> in library <work> with parameters.
	ACTIVE_HIGH_IN = "00000000000000000000000000000000"
	HIGH_DELAY = "0000000000100001110"
	MAX_BOUNCE_DELAY = "1000001111010110000"

Analyzing hierarchy for module <counter> in library <work> with parameters.
	WIDTH = "00000000000000000000000000000100"

Analyzing hierarchy for module <binary_to_seven_seg_decoder> in library <work> with parameters.
	SEVEN_SEG_A = "1110111"
	SEVEN_SEG_B = "0011111"
	SEVEN_SEG_C = "0001101"
	SEVEN_SEG_D = "0111101"
	SEVEN_SEG_E = "1001111"
	SEVEN_SEG_EIGHT = "1111111"
	SEVEN_SEG_ERROR = "1101111"
	SEVEN_SEG_F = "1000111"
	SEVEN_SEG_FIVE = "1011011"
	SEVEN_SEG_FOUR = "0110011"
	SEVEN_SEG_NINE = "1111011"
	SEVEN_SEG_ONE = "0110000"
	SEVEN_SEG_SEVEN = "1110000"
	SEVEN_SEG_SIX = "1011111"
	SEVEN_SEG_THREE = "1111001"
	SEVEN_SEG_TWO = "1101101"
	SEVEN_SEG_ZERO = "1111110"


=========================================================================
*                            HDL Analysis                               *
=========================================================================
Analyzing top module <labkit>.
WARNING:Xst:852 - "labkit.v" line 346: Unconnected input port 'reset_in' of instance 'seven_seg' is tied to GND.
Module <labkit> is correct for synthesis.
 
    Set user-defined property "INIT =  FFFF" for instance <reset_shift_reg> in unit <labkit>.
Analyzing module <debounce> in library <work>.
	ACTIVE_HIGH_IN = 32'sb00000000000000000000000000000000
	HIGH_DELAY = 19'b0000000000100001110
	MAX_BOUNCE_DELAY = 19'b1000001111010110000
Module <debounce> is correct for synthesis.
 
Analyzing module <counter> in library <work>.
	WIDTH = 32'sb00000000000000000000000000000100
Module <counter> is correct for synthesis.
 
Analyzing module <binary_to_seven_seg_decoder> in library <work>.
	SEVEN_SEG_A = 7'b1110111
	SEVEN_SEG_B = 7'b0011111
	SEVEN_SEG_C = 7'b0001101
	SEVEN_SEG_D = 7'b0111101
	SEVEN_SEG_E = 7'b1001111
	SEVEN_SEG_EIGHT = 7'b1111111
	SEVEN_SEG_ERROR = 7'b1101111
	SEVEN_SEG_F = 7'b1000111
	SEVEN_SEG_FIVE = 7'b1011011
	SEVEN_SEG_FOUR = 7'b0110011
	SEVEN_SEG_NINE = 7'b1111011
	SEVEN_SEG_ONE = 7'b0110000
	SEVEN_SEG_SEVEN = 7'b1110000
	SEVEN_SEG_SIX = 7'b1011111
	SEVEN_SEG_THREE = 7'b1111001
	SEVEN_SEG_TWO = 7'b1101101
	SEVEN_SEG_ZERO = 7'b1111110
Module <binary_to_seven_seg_decoder> is correct for synthesis.
 

=========================================================================
*                           HDL Synthesis                               *
=========================================================================

Performing bidirectional port resolution...
INFO:Xst:2561 - Always blocking tristate driving signal <flash_data> in unit <labkit> is removed.
INFO:Xst:2561 - Always blocking tristate driving signal <ram0_data> in unit <labkit> is removed.
INFO:Xst:2561 - Always blocking tristate driving signal <user2> in unit <labkit> is removed.
INFO:Xst:2561 - Always blocking tristate driving signal <user3> in unit <labkit> is removed.
INFO:Xst:2561 - Always blocking tristate driving signal <user4> in unit <labkit> is removed.
INFO:Xst:2561 - Always blocking tristate driving signal <ram1_data> in unit <labkit> is removed.
INFO:Xst:2561 - Always blocking tristate driving signal <daughtercard> in unit <labkit> is removed.
INFO:Xst:2561 - Always blocking tristate driving signal <systemace_data> in unit <labkit> is removed.
INFO:Xst:2561 - Always blocking tristate driving signal <tv_in_i2c_data> in unit <labkit> is removed.

Synthesizing Unit <debounce>.
    Related source file is "debounce.v".
    Found 1-bit register for signal <clean_out>.
    Found 19-bit comparator greater for signal <clean_out$cmp_gt0000> created at line 52.
    Found 19-bit comparator lessequal for signal <clean_out$cmp_le0000> created at line 50.
    Found 19-bit down counter for signal <count>.
    Found 19-bit comparator greater for signal <count$cmp_gt0000> created at line 50.
    Summary:
	inferred   1 Counter(s).
	inferred   1 D-type flip-flop(s).
	inferred   3 Comparator(s).
Unit <debounce> synthesized.


Synthesizing Unit <counter>.
    Related source file is "../sources/counter.v".
    Found 4-bit up counter for signal <count_out>.
    Summary:
	inferred   1 Counter(s).
Unit <counter> synthesized.


Synthesizing Unit <binary_to_seven_seg_decoder>.
    Related source file is "../sources/binary_to_seven_seg_decoder.v".
    Found 16x7-bit ROM for signal <seven_seg_out>.
    Summary:
	inferred   1 ROM(s).
Unit <binary_to_seven_seg_decoder> synthesized.


Synthesizing Unit <labkit>.
    Related source file is "labkit.v".
WARNING:Xst:2565 - Inout <user3<28>> is never assigned.
WARNING:Xst:2565 - Inout <user3<4>> is never assigned.
WARNING:Xst:2565 - Inout <user3<29>> is never assigned.
WARNING:Xst:2565 - Inout <user3<5>> is never assigned.
WARNING:Xst:647 - Input <button0> is never used. This port will be preserved and left unconnected if it belongs to a top-level block or it belongs to a sub-block and the hierarchy of this sub-block is preserved.
WARNING:Xst:647 - Input <button1> is never used. This port will be preserved and left unconnected if it belongs to a top-level block or it belongs to a sub-block and the hierarchy of this sub-block is preserved.
WARNING:Xst:647 - Input <button2> is never used. This port will be preserved and left unconnected if it belongs to a top-level block or it belongs to a sub-block and the hierarchy of this sub-block is preserved.
WARNING:Xst:647 - Input <button3> is never used. This port will be preserved and left unconnected if it belongs to a top-level block or it belongs to a sub-block and the hierarchy of this sub-block is preserved.
WARNING:Xst:2565 - Inout <user3<6>> is never assigned.
WARNING:Xst:2565 - Inout <user3<7>> is never assigned.
WARNING:Xst:2565 - Inout <user3<8>> is never assigned.
WARNING:Xst:2565 - Inout <user3<9>> is never assigned.
WARNING:Xst:2565 - Inout <daughtercard<10>> is never assigned.
WARNING:Xst:2565 - Inout <flash_data<10>> is never assigned.
WARNING:Xst:2565 - Inout <daughtercard<11>> is never assigned.
WARNING:Xst:2565 - Inout <flash_data<11>> is never assigned.
WARNING:Xst:647 - Input <clock1> is never used. This port will be preserved and left unconnected if it belongs to a top-level block or it belongs to a sub-block and the hierarchy of this sub-block is preserved.
WARNING:Xst:647 - Input <clock2> is never used. This port will be preserved and left unconnected if it belongs to a top-level block or it belongs to a sub-block and the hierarchy of this sub-block is preserved.
WARNING:Xst:2565 - Inout <daughtercard<12>> is never assigned.
WARNING:Xst:2565 - Inout <flash_data<12>> is never assigned.
WARNING:Xst:2565 - Inout <daughtercard<13>> is never assigned.
WARNING:Xst:2565 - Inout <flash_data<13>> is never assigned.
WARNING:Xst:647 - Input <tv_in_aef> is never used. This port will be preserved and left unconnected if it belongs to a top-level block or it belongs to a sub-block and the hierarchy of this sub-block is preserved.
WARNING:Xst:2565 - Inout <daughtercard<14>> is never assigned.
WARNING:Xst:2565 - Inout <flash_data<14>> is never assigned.
WARNING:Xst:647 - Input <tv_in_aff> is never used. This port will be preserved and left unconnected if it belongs to a top-level block or it belongs to a sub-block and the hierarchy of this sub-block is preserved.
WARNING:Xst:2565 - Inout <daughtercard<15>> is never assigned.
WARNING:Xst:2565 - Inout <daughtercard<20>> is never assigned.
WARNING:Xst:2565 - Inout <flash_data<15>> is never assigned.
WARNING:Xst:2565 - Inout <daughtercard<21>> is never assigned.
WARNING:Xst:2565 - Inout <daughtercard<16>> is never assigned.
WARNING:Xst:2565 - Inout <daughtercard<22>> is never assigned.
WARNING:Xst:2565 - Inout <daughtercard<17>> is never assigned.
WARNING:Xst:647 - Input <systemace_irq> is never used. This port will be preserved and left unconnected if it belongs to a top-level block or it belongs to a sub-block and the hierarchy of this sub-block is preserved.
WARNING:Xst:2565 - Inout <daughtercard<18>> is never assigned.
WARNING:Xst:2565 - Inout <daughtercard<23>> is never assigned.
WARNING:Xst:2565 - Inout <flash_data<0>> is never assigned.
WARNING:Xst:647 - Input <clock_feedback_in> is never used. This port will be preserved and left unconnected if it belongs to a top-level block or it belongs to a sub-block and the hierarchy of this sub-block is preserved.
WARNING:Xst:2565 - Inout <daughtercard<19>> is never assigned.
WARNING:Xst:2565 - Inout <daughtercard<24>> is never assigned.
WARNING:Xst:2565 - Inout <flash_data<1>> is never assigned.
WARNING:Xst:647 - Input <disp_data_in> is never used. This port will be preserved and left unconnected if it belongs to a top-level block or it belongs to a sub-block and the hierarchy of this sub-block is preserved.
WARNING:Xst:2565 - Inout <user2<10>> is never assigned.
WARNING:Xst:2565 - Inout <daughtercard<25>> is never assigned.
WARNING:Xst:2565 - Inout <daughtercard<30>> is never assigned.
WARNING:Xst:2565 - Inout <flash_data<2>> is never assigned.
WARNING:Xst:2565 - Inout <user2<11>> is never assigned.
WARNING:Xst:2565 - Inout <daughtercard<31>> is never assigned.
WARNING:Xst:2565 - Inout <daughtercard<26>> is never assigned.
WARNING:Xst:2565 - Inout <flash_data<3>> is never assigned.
WARNING:Xst:2565 - Inout <user2<12>> is never assigned.
WARNING:Xst:2565 - Inout <daughtercard<32>> is never assigned.
WARNING:Xst:2565 - Inout <daughtercard<27>> is never assigned.
WARNING:Xst:2565 - Inout <flash_data<4>> is never assigned.
WARNING:Xst:2565 - Inout <user2<13>> is never assigned.
WARNING:Xst:2565 - Inout <daughtercard<33>> is never assigned.
WARNING:Xst:2565 - Inout <daughtercard<28>> is never assigned.
WARNING:Xst:2565 - Inout <flash_data<5>> is never assigned.
WARNING:Xst:2565 - Inout <user4<0>> is never assigned.
WARNING:Xst:2565 - Inout <user2<14>> is never assigned.
WARNING:Xst:2565 - Inout <daughtercard<34>> is never assigned.
WARNING:Xst:2565 - Inout <daughtercard<29>> is never assigned.
WARNING:Xst:2565 - Inout <flash_data<6>> is never assigned.
WARNING:Xst:2565 - Inout <user4<1>> is never assigned.
WARNING:Xst:2565 - Inout <user2<15>> is never assigned.
WARNING:Xst:2565 - Inout <user2<20>> is never assigned.
WARNING:Xst:2565 - Inout <daughtercard<40>> is never assigned.
WARNING:Xst:2565 - Inout <daughtercard<35>> is never assigned.
WARNING:Xst:2565 - Inout <flash_data<7>> is never assigned.
WARNING:Xst:2565 - Inout <user4<2>> is never assigned.
WARNING:Xst:2565 - Inout <user2<21>> is never assigned.
WARNING:Xst:2565 - Inout <user2<16>> is never assigned.
WARNING:Xst:2565 - Inout <daughtercard<41>> is never assigned.
WARNING:Xst:2565 - Inout <daughtercard<36>> is never assigned.
WARNING:Xst:2565 - Inout <flash_data<8>> is never assigned.
WARNING:Xst:2565 - Inout <user4<3>> is never assigned.
WARNING:Xst:2565 - Inout <user2<17>> is never assigned.
WARNING:Xst:2565 - Inout <user2<22>> is never assigned.
WARNING:Xst:2565 - Inout <daughtercard<37>> is never assigned.
WARNING:Xst:2565 - Inout <daughtercard<42>> is never assigned.
WARNING:Xst:2565 - Inout <flash_data<9>> is never assigned.
WARNING:Xst:2565 - Inout <user4<4>> is never assigned.
WARNING:Xst:2565 - Inout <user2<23>> is never assigned.
WARNING:Xst:2565 - Inout <user2<18>> is never assigned.
WARNING:Xst:647 - Input <keyboard_clock> is never used. This port will be preserved and left unconnected if it belongs to a top-level block or it belongs to a sub-block and the hierarchy of this sub-block is preserved.
WARNING:Xst:2565 - Inout <daughtercard<38>> is never assigned.
WARNING:Xst:2565 - Inout <daughtercard<43>> is never assigned.
WARNING:Xst:2565 - Inout <user4<5>> is never assigned.
WARNING:Xst:2565 - Inout <user2<24>> is never assigned.
WARNING:Xst:2565 - Inout <user2<19>> is never assigned.
WARNING:Xst:2565 - Inout <daughtercard<39>> is never assigned.
WARNING:Xst:2565 - Inout <tv_in_i2c_data> is never assigned.
WARNING:Xst:2565 - Inout <user4<6>> is never assigned.
WARNING:Xst:2565 - Inout <user2<30>> is never assigned.
WARNING:Xst:2565 - Inout <user2<25>> is never assigned.
WARNING:Xst:2565 - Inout <user4<7>> is never assigned.
WARNING:Xst:2565 - Inout <user2<26>> is never assigned.
WARNING:Xst:2565 - Inout <user2<31>> is never assigned.
WARNING:Xst:647 - Input <flash_sts> is never used. This port will be preserved and left unconnected if it belongs to a top-level block or it belongs to a sub-block and the hierarchy of this sub-block is preserved.
WARNING:Xst:2565 - Inout <user4<8>> is never assigned.
WARNING:Xst:647 - Input <rs232_rxd> is never used. This port will be preserved and left unconnected if it belongs to a top-level block or it belongs to a sub-block and the hierarchy of this sub-block is preserved.
WARNING:Xst:2565 - Inout <user2<27>> is never assigned.
WARNING:Xst:2565 - Inout <user4<9>> is never assigned.
WARNING:Xst:2565 - Inout <user2<28>> is never assigned.
WARNING:Xst:647 - Input <mouse_data> is never used. This port will be preserved and left unconnected if it belongs to a top-level block or it belongs to a sub-block and the hierarchy of this sub-block is preserved.
WARNING:Xst:647 - Input <rs232_cts> is never used. This port will be preserved and left unconnected if it belongs to a top-level block or it belongs to a sub-block and the hierarchy of this sub-block is preserved.
WARNING:Xst:2565 - Inout <user2<29>> is never assigned.
WARNING:Xst:2565 - Inout <user1<8>> is never assigned.
WARNING:Xst:2565 - Inout <user1<9>> is never assigned.
WARNING:Xst:2565 - Inout <daughtercard<0>> is never assigned.
WARNING:Xst:2565 - Inout <user4<10>> is never assigned.
WARNING:Xst:2565 - Inout <daughtercard<1>> is never assigned.
WARNING:Xst:647 - Input <switch> is never used. This port will be preserved and left unconnected if it belongs to a top-level block or it belongs to a sub-block and the hierarchy of this sub-block is preserved.
WARNING:Xst:2565 - Inout <user4<11>> is never assigned.
WARNING:Xst:2565 - Inout <daughtercard<2>> is never assigned.
WARNING:Xst:2565 - Inout <user4<12>> is never assigned.
WARNING:Xst:2565 - Inout <daughtercard<3>> is never assigned.
WARNING:Xst:2565 - Inout <user4<13>> is never assigned.
WARNING:Xst:2565 - Inout <daughtercard<4>> is never assigned.
WARNING:Xst:2565 - Inout <user4<14>> is never assigned.
WARNING:Xst:2565 - Inout <daughtercard<5>> is never assigned.
WARNING:Xst:2565 - Inout <user4<20>> is never assigned.
WARNING:Xst:2565 - Inout <user4<15>> is never assigned.
WARNING:Xst:2565 - Inout <daughtercard<6>> is never assigned.
WARNING:Xst:2565 - Inout <ram0_data<0>> is never assigned.
WARNING:Xst:2565 - Inout <user4<16>> is never assigned.
WARNING:Xst:2565 - Inout <user4<21>> is never assigned.
WARNING:Xst:2565 - Inout <ram1_data<10>> is never assigned.
WARNING:Xst:2565 - Inout <daughtercard<7>> is never assigned.
WARNING:Xst:2565 - Inout <ram0_data<1>> is never assigned.
WARNING:Xst:2565 - Inout <user4<22>> is never assigned.
WARNING:Xst:2565 - Inout <user4<17>> is never assigned.
WARNING:Xst:2565 - Inout <ram1_data<11>> is never assigned.
WARNING:Xst:2565 - Inout <daughtercard<8>> is never assigned.
WARNING:Xst:2565 - Inout <ram0_data<2>> is never assigned.
WARNING:Xst:2565 - Inout <user4<23>> is never assigned.
WARNING:Xst:2565 - Inout <user4<18>> is never assigned.
WARNING:Xst:647 - Input <button_left> is never used. This port will be preserved and left unconnected if it belongs to a top-level block or it belongs to a sub-block and the hierarchy of this sub-block is preserved.
WARNING:Xst:2565 - Inout <ram1_data<12>> is never assigned.
WARNING:Xst:2565 - Inout <daughtercard<9>> is never assigned.
WARNING:Xst:2565 - Inout <ram0_data<3>> is never assigned.
WARNING:Xst:2565 - Inout <user4<19>> is never assigned.
WARNING:Xst:2565 - Inout <user4<24>> is never assigned.
WARNING:Xst:2565 - Inout <ram1_data<13>> is never assigned.
WARNING:Xst:2565 - Inout <systemace_data<0>> is never assigned.
WARNING:Xst:2565 - Inout <ram0_data<4>> is never assigned.
WARNING:Xst:2565 - Inout <user4<30>> is never assigned.
WARNING:Xst:2565 - Inout <user4<25>> is never assigned.
WARNING:Xst:2565 - Inout <ram1_data<14>> is never assigned.
WARNING:Xst:2565 - Inout <systemace_data<1>> is never assigned.
WARNING:Xst:2565 - Inout <ram0_data<5>> is never assigned.
WARNING:Xst:2565 - Inout <user4<26>> is never assigned.
WARNING:Xst:2565 - Inout <user4<31>> is never assigned.
WARNING:Xst:2565 - Inout <ram1_data<20>> is never assigned.
WARNING:Xst:2565 - Inout <systemace_data<2>> is never assigned.
WARNING:Xst:2565 - Inout <ram1_data<15>> is never assigned.
WARNING:Xst:2565 - Inout <ram0_data<6>> is never assigned.
WARNING:Xst:2565 - Inout <user4<27>> is never assigned.
WARNING:Xst:2565 - Inout <systemace_data<3>> is never assigned.
WARNING:Xst:2565 - Inout <ram1_data<16>> is never assigned.
WARNING:Xst:2565 - Inout <ram1_data<21>> is never assigned.
WARNING:Xst:2565 - Inout <ram0_data<7>> is never assigned.
WARNING:Xst:647 - Input <tv_in_data_valid> is never used. This port will be preserved and left unconnected if it belongs to a top-level block or it belongs to a sub-block and the hierarchy of this sub-block is preserved.
WARNING:Xst:2565 - Inout <user4<28>> is never assigned.
WARNING:Xst:2565 - Inout <ram1_data<22>> is never assigned.
WARNING:Xst:2565 - Inout <systemace_data<4>> is never assigned.
WARNING:Xst:2565 - Inout <ram1_data<17>> is never assigned.
WARNING:Xst:647 - Input <tv_in_hff> is never used. This port will be preserved and left unconnected if it belongs to a top-level block or it belongs to a sub-block and the hierarchy of this sub-block is preserved.
WARNING:Xst:2565 - Inout <ram0_data<8>> is never assigned.
WARNING:Xst:2565 - Inout <user1<10>> is never assigned.
WARNING:Xst:2565 - Inout <user4<29>> is never assigned.
WARNING:Xst:2565 - Inout <ram1_data<23>> is never assigned.
WARNING:Xst:2565 - Inout <systemace_data<5>> is never assigned.
WARNING:Xst:2565 - Inout <ram1_data<18>> is never assigned.
WARNING:Xst:2565 - Inout <ram0_data<9>> is never assigned.
WARNING:Xst:2565 - Inout <user2<0>> is never assigned.
WARNING:Xst:2565 - Inout <user1<11>> is never assigned.
WARNING:Xst:647 - Input <tv_in_ycrcb> is never used. This port will be preserved and left unconnected if it belongs to a top-level block or it belongs to a sub-block and the hierarchy of this sub-block is preserved.
WARNING:Xst:2565 - Inout <ram0_data<10>> is never assigned.
WARNING:Xst:2565 - Inout <ram1_data<24>> is never assigned.
WARNING:Xst:2565 - Inout <systemace_data<6>> is never assigned.
WARNING:Xst:2565 - Inout <ram1_data<19>> is never assigned.
WARNING:Xst:2565 - Inout <user2<1>> is never assigned.
WARNING:Xst:2565 - Inout <user1<12>> is never assigned.
WARNING:Xst:2565 - Inout <ram0_data<11>> is never assigned.
WARNING:Xst:2565 - Inout <systemace_data<7>> is never assigned.
WARNING:Xst:2565 - Inout <ram1_data<25>> is never assigned.
WARNING:Xst:2565 - Inout <ram1_data<30>> is never assigned.
WARNING:Xst:2565 - Inout <user1<13>> is never assigned.
WARNING:Xst:2565 - Inout <user2<2>> is never assigned.
WARNING:Xst:2565 - Inout <ram0_data<12>> is never assigned.
WARNING:Xst:2565 - Inout <ram1_data<31>> is never assigned.
WARNING:Xst:2565 - Inout <systemace_data<8>> is never assigned.
WARNING:Xst:2565 - Inout <ram1_data<26>> is never assigned.
WARNING:Xst:2565 - Inout <user2<3>> is never assigned.
WARNING:Xst:2565 - Inout <user1<14>> is never assigned.
WARNING:Xst:2565 - Inout <ram0_data<13>> is never assigned.
WARNING:Xst:2565 - Inout <ram1_data<32>> is never assigned.
WARNING:Xst:2565 - Inout <systemace_data<9>> is never assigned.
WARNING:Xst:2565 - Inout <ram1_data<27>> is never assigned.
WARNING:Xst:2565 - Inout <user2<4>> is never assigned.
WARNING:Xst:2565 - Inout <user1<15>> is never assigned.
WARNING:Xst:2565 - Inout <user1<20>> is never assigned.
WARNING:Xst:2565 - Inout <ram0_data<14>> is never assigned.
WARNING:Xst:647 - Input <tv_in_line_clock1> is never used. This port will be preserved and left unconnected if it belongs to a top-level block or it belongs to a sub-block and the hierarchy of this sub-block is preserved.
WARNING:Xst:2565 - Inout <ram1_data<28>> is never assigned.
WARNING:Xst:2565 - Inout <ram1_data<33>> is never assigned.
WARNING:Xst:647 - Input <tv_in_line_clock2> is never used. This port will be preserved and left unconnected if it belongs to a top-level block or it belongs to a sub-block and the hierarchy of this sub-block is preserved.
WARNING:Xst:2565 - Inout <ram1_data<0>> is never assigned.
WARNING:Xst:2565 - Inout <user1<16>> is never assigned.
WARNING:Xst:2565 - Inout <user2<5>> is never assigned.
WARNING:Xst:2565 - Inout <user1<21>> is never assigned.
WARNING:Xst:2565 - Inout <ram0_data<20>> is never assigned.
WARNING:Xst:2565 - Inout <ram0_data<15>> is never assigned.
WARNING:Xst:2565 - Inout <ram1_data<29>> is never assigned.
WARNING:Xst:2565 - Inout <ram1_data<34>> is never assigned.
WARNING:Xst:647 - Input <keyboard_data> is never used. This port will be preserved and left unconnected if it belongs to a top-level block or it belongs to a sub-block and the hierarchy of this sub-block is preserved.
WARNING:Xst:2565 - Inout <ram1_data<1>> is never assigned.
WARNING:Xst:2565 - Inout <user1<17>> is never assigned.
WARNING:Xst:2565 - Inout <user2<6>> is never assigned.
WARNING:Xst:2565 - Inout <user1<22>> is never assigned.
WARNING:Xst:2565 - Inout <ram0_data<21>> is never assigned.
WARNING:Xst:2565 - Inout <ram0_data<16>> is never assigned.
WARNING:Xst:2565 - Inout <ram1_data<35>> is never assigned.
WARNING:Xst:2565 - Inout <ram1_data<2>> is never assigned.
WARNING:Xst:2565 - Inout <user1<18>> is never assigned.
WARNING:Xst:2565 - Inout <user2<7>> is never assigned.
WARNING:Xst:2565 - Inout <user1<23>> is never assigned.
WARNING:Xst:2565 - Inout <ram0_data<22>> is never assigned.
WARNING:Xst:2565 - Inout <ram0_data<17>> is never assigned.
WARNING:Xst:2565 - Inout <ram1_data<3>> is never assigned.
WARNING:Xst:2565 - Inout <systemace_data<10>> is never assigned.
WARNING:Xst:2565 - Inout <user1<24>> is never assigned.
WARNING:Xst:2565 - Inout <user2<8>> is never assigned.
WARNING:Xst:2565 - Inout <user1<19>> is never assigned.
WARNING:Xst:2565 - Inout <ram0_data<23>> is never assigned.
WARNING:Xst:2565 - Inout <ram0_data<18>> is never assigned.
WARNING:Xst:647 - Input <ac97_sdata_in> is never used. This port will be preserved and left unconnected if it belongs to a top-level block or it belongs to a sub-block and the hierarchy of this sub-block is preserved.
WARNING:Xst:2565 - Inout <ram1_data<4>> is never assigned.
WARNING:Xst:2565 - Inout <systemace_data<11>> is never assigned.
WARNING:Xst:2565 - Inout <user1<25>> is never assigned.
WARNING:Xst:2565 - Inout <user2<9>> is never assigned.
WARNING:Xst:2565 - Inout <user1<30>> is never assigned.
WARNING:Xst:2565 - Inout <ram0_data<24>> is never assigned.
WARNING:Xst:2565 - Inout <ram0_data<19>> is never assigned.
WARNING:Xst:2565 - Inout <ram1_data<5>> is never assigned.
WARNING:Xst:2565 - Inout <systemace_data<12>> is never assigned.
WARNING:Xst:2565 - Inout <user1<26>> is never assigned.
WARNING:Xst:2565 - Inout <user1<31>> is never assigned.
WARNING:Xst:2565 - Inout <ram0_data<25>> is never assigned.
WARNING:Xst:2565 - Inout <ram0_data<30>> is never assigned.
WARNING:Xst:2565 - Inout <ram1_data<6>> is never assigned.
WARNING:Xst:2565 - Inout <systemace_data<13>> is never assigned.
WARNING:Xst:2565 - Inout <user1<27>> is never assigned.
WARNING:Xst:2565 - Inout <ram0_data<31>> is never assigned.
WARNING:Xst:2565 - Inout <ram0_data<26>> is never assigned.
WARNING:Xst:2565 - Inout <ram1_data<7>> is never assigned.
WARNING:Xst:2565 - Inout <systemace_data<14>> is never assigned.
WARNING:Xst:2565 - Inout <user1<28>> is never assigned.
WARNING:Xst:2565 - Inout <ram0_data<32>> is never assigned.
WARNING:Xst:2565 - Inout <ram0_data<27>> is never assigned.
WARNING:Xst:2565 - Inout <ram1_data<8>> is never assigned.
WARNING:Xst:2565 - Inout <systemace_data<15>> is never assigned.
WARNING:Xst:2565 - Inout <user1<29>> is never assigned.
WARNING:Xst:2565 - Inout <ram0_data<28>> is never assigned.
WARNING:Xst:2565 - Inout <ram0_data<33>> is never assigned.
WARNING:Xst:647 - Input <systemace_mpbrdy> is never used. This port will be preserved and left unconnected if it belongs to a top-level block or it belongs to a sub-block and the hierarchy of this sub-block is preserved.
WARNING:Xst:2565 - Inout <ram1_data<9>> is never assigned.
WARNING:Xst:647 - Input <button_right> is never used. This port will be preserved and left unconnected if it belongs to a top-level block or it belongs to a sub-block and the hierarchy of this sub-block is preserved.
WARNING:Xst:2565 - Inout <ram0_data<34>> is never assigned.
WARNING:Xst:2565 - Inout <ram0_data<29>> is never assigned.
WARNING:Xst:647 - Input <button_down> is never used. This port will be preserved and left unconnected if it belongs to a top-level block or it belongs to a sub-block and the hierarchy of this sub-block is preserved.
WARNING:Xst:2565 - Inout <ram0_data<35>> is never assigned.
WARNING:Xst:2565 - Inout <user3<10>> is never assigned.
WARNING:Xst:647 - Input <mouse_clock> is never used. This port will be preserved and left unconnected if it belongs to a top-level block or it belongs to a sub-block and the hierarchy of this sub-block is preserved.
WARNING:Xst:2565 - Inout <user3<11>> is never assigned.
WARNING:Xst:2565 - Inout <user3<12>> is never assigned.
WARNING:Xst:2565 - Inout <user3<13>> is never assigned.
WARNING:Xst:647 - Input <ac97_bit_clock> is never used. This port will be preserved and left unconnected if it belongs to a top-level block or it belongs to a sub-block and the hierarchy of this sub-block is preserved.
WARNING:Xst:2565 - Inout <user3<14>> is never assigned.
WARNING:Xst:2565 - Inout <user3<20>> is never assigned.
WARNING:Xst:2565 - Inout <user3<15>> is never assigned.
WARNING:Xst:2565 - Inout <user3<21>> is never assigned.
WARNING:Xst:2565 - Inout <user3<16>> is never assigned.
WARNING:Xst:2565 - Inout <user3<22>> is never assigned.
WARNING:Xst:2565 - Inout <user3<17>> is never assigned.
WARNING:Xst:2565 - Inout <user3<23>> is never assigned.
WARNING:Xst:2565 - Inout <user3<18>> is never assigned.
WARNING:Xst:2565 - Inout <user3<24>> is never assigned.
WARNING:Xst:2565 - Inout <user3<19>> is never assigned.
WARNING:Xst:2565 - Inout <user3<0>> is never assigned.
WARNING:Xst:647 - Input <button_up> is never used. This port will be preserved and left unconnected if it belongs to a top-level block or it belongs to a sub-block and the hierarchy of this sub-block is preserved.
WARNING:Xst:2565 - Inout <user3<30>> is never assigned.
WARNING:Xst:2565 - Inout <user3<25>> is never assigned.
WARNING:Xst:2565 - Inout <user3<1>> is never assigned.
WARNING:Xst:2565 - Inout <user3<26>> is never assigned.
WARNING:Xst:2565 - Inout <user3<31>> is never assigned.
WARNING:Xst:2565 - Inout <user3<2>> is never assigned.
WARNING:Xst:2565 - Inout <user3<27>> is never assigned.
WARNING:Xst:2565 - Inout <user3<3>> is never assigned.
Unit <labkit> synthesized.


=========================================================================
HDL Synthesis Report

Macro Statistics
# ROMs                                                 : 1
 16x7-bit ROM                                          : 1
# Counters                                             : 2
 19-bit down counter                                   : 1
 4-bit up counter                                      : 1
# Registers                                            : 1
 1-bit register                                        : 1
# Comparators                                          : 3
 19-bit comparator greater                             : 2
 19-bit comparator lessequal                           : 1

=========================================================================

=========================================================================
*                       Advanced HDL Synthesis                          *
=========================================================================

Loading device for application Rf_Device from file '2v6000.nph' in environment /afs/csail.mit.edu/proj/redsocs/Xilinx10.1/ISE.

=========================================================================
Advanced HDL Synthesis Report

Macro Statistics
# ROMs                                                 : 1
 16x7-bit ROM                                          : 1
# Counters                                             : 2
 19-bit down counter                                   : 1
 4-bit up counter                                      : 1
# Registers                                            : 1
 Flip-Flops                                            : 1
# Comparators                                          : 3
 19-bit comparator greater                             : 2
 19-bit comparator lessequal                           : 1

=========================================================================

=========================================================================
*                         Low Level Synthesis                           *
=========================================================================

Optimizing unit <labkit> ...

Mapping all equations...
Building and optimizing final netlist ...
Found area constraint ratio of 100 (+ 5) on block labkit, actual ratio is 0.

Final Macro Processing ...

=========================================================================
Final Register Report

Macro Statistics
# Registers                                            : 24
 Flip-Flops                                            : 24

=========================================================================

=========================================================================
*                           Partition Report                             *
=========================================================================

Partition Implementation Status
-------------------------------

  No Partitions were found in this design.

-------------------------------

=========================================================================
*                            Final Report                               *
=========================================================================
Final Results
RTL Top Level Output File Name     : labkit.ngr
Top Level Output File Name         : labkit
Output Format                      : NGC
Optimization Goal                  : Speed
Keep Hierarchy                     : NO

Design Statistics
# IOs                              : 576

Cell Usage :
# BELS                             : 101
#      GND                         : 1
#      INV                         : 25
#      LUT1                        : 2
#      LUT2                        : 2
#      LUT3                        : 6
#      LUT4                        : 15
#      MUXCY                       : 30
#      VCC                         : 1
#      XORCY                       : 19
# FlipFlops/Latches                : 24
#      FDR                         : 4
#      FDRE                        : 12
#      FDRSE                       : 8
# Shift Registers                  : 1
#      SRL16                       : 1
# Clock Buffers                    : 1
#      BUFGP                       : 1
# IO Buffers                       : 249
#      IBUF                        : 1
#      OBUF                        : 248
=========================================================================

Device utilization summary:
---------------------------

Selected Device : 2v6000bf957-4 

 Number of Slices:                       24  out of  33792     0%  
 Number of Slice Flip Flops:             24  out of  67584     0%  
 Number of 4 input LUTs:                 51  out of  67584     0%  
    Number used as logic:                50
    Number used as Shift registers:       1
 Number of IOs:                         576
 Number of bonded IOBs:                 250  out of    684    36%  
 Number of GCLKs:                         1  out of     16     6%  

---------------------------
Partition Resource Summary:
---------------------------

  No Partitions were found in this design.

---------------------------


=========================================================================
TIMING REPORT

NOTE: THESE TIMING NUMBERS ARE ONLY A SYNTHESIS ESTIMATE.
      FOR ACCURATE TIMING INFORMATION PLEASE REFER TO THE TRACE REPORT
      GENERATED AFTER PLACE-and-ROUTE.

Clock Information:
------------------
-----------------------------------+---------------------------------------+-------+
Clock Signal                       | Clock buffer(FF name)                 | Load  |
-----------------------------------+---------------------------------------+-------+
clock_27mhz                        | BUFGP                                 | 21    |
button_debouncer/clean_out         | NONE(single_hex_dig_count/count_out_0)| 4     |
-----------------------------------+---------------------------------------+-------+
INFO:Xst:2169 - HDL ADVISOR - Some clock signals were not automatically buffered by XST with BUFG/BUFR resources. Please use the buffer_type constraint in order to insert these buffers to the clock signals to help prevent skew problems.

Asynchronous Control Signals Information:
----------------------------------------
No asynchronous control signals found in this design

Timing Summary:
---------------
Speed Grade: -4

   Minimum period: 6.022ns (Maximum Frequency: 166.072MHz)
   Minimum input arrival time before clock: 3.462ns
   Maximum output required time after clock: 7.079ns
   Maximum combinational path delay: No path found

Timing Detail:
--------------
All values displayed in nanoseconds (ns)

=========================================================================
Timing constraint: Default period analysis for Clock 'clock_27mhz'
  Clock period: 6.022ns (frequency: 166.072MHz)
  Total number of paths / destination ports: 997 / 68
-------------------------------------------------------------------------
Delay:               6.022ns (Levels of Logic = 7)
  Source:            button_debouncer/count_0 (FF)
  Destination:       button_debouncer/count_2 (FF)
  Source Clock:      clock_27mhz rising
  Destination Clock: clock_27mhz rising

  Data Path: button_debouncer/count_0 to button_debouncer/count_2
                                Gate     Net
    Cell:in->out      fanout   Delay   Delay  Logical Name (Net Name)
    ----------------------------------------  ------------
     FDRE:C->Q             3   0.568   1.010  button_debouncer/count_0 (button_debouncer/count_0)
     LUT4:I0->O            1   0.439   0.000  button_debouncer/Mcompar_count_cmp_gt0000_lut<0> (button_debouncer/Mcompar_count_cmp_gt0000_lut<0>)
     MUXCY:S->O            1   0.298   0.000  button_debouncer/Mcompar_count_cmp_gt0000_cy<0> (button_debouncer/Mcompar_count_cmp_gt0000_cy<0>)
     MUXCY:CI->O           1   0.053   0.000  button_debouncer/Mcompar_count_cmp_gt0000_cy<1> (button_debouncer/Mcompar_count_cmp_gt0000_cy<1>)
     MUXCY:CI->O           1   0.053   0.000  button_debouncer/Mcompar_count_cmp_gt0000_cy<2> (button_debouncer/Mcompar_count_cmp_gt0000_cy<2>)
     MUXCY:CI->O           1   0.053   0.000  button_debouncer/Mcompar_count_cmp_gt0000_cy<3> (button_debouncer/Mcompar_count_cmp_gt0000_cy<3>)
     MUXCY:CI->O           5   0.942   0.978  button_debouncer/Mcompar_count_cmp_gt0000_cy<4> (button_debouncer/Mcompar_count_cmp_gt0000_cy<4>)
     LUT3:I1->O           11   0.439   0.909  button_debouncer/Mcount_count_val1 (button_debouncer/Mcount_count_val)
     FDRE:R                    0.280          button_debouncer/count_0
    ----------------------------------------
    Total                      6.022ns (3.125ns logic, 2.897ns route)
                                       (51.9% logic, 48.1% route)

=========================================================================
Timing constraint: Default period analysis for Clock 'button_debouncer/clean_out'
  Clock period: 2.987ns (frequency: 334.784MHz)
  Total number of paths / destination ports: 10 / 4
-------------------------------------------------------------------------
Delay:               2.987ns (Levels of Logic = 1)
  Source:            single_hex_dig_count/count_out_0 (FF)
  Destination:       single_hex_dig_count/count_out_0 (FF)
  Source Clock:      button_debouncer/clean_out rising
  Destination Clock: button_debouncer/clean_out rising

  Data Path: single_hex_dig_count/count_out_0 to single_hex_dig_count/count_out_0
                                Gate     Net
    Cell:in->out      fanout   Delay   Delay  Logical Name (Net Name)
    ----------------------------------------  ------------
     FDR:C->Q             11   0.568   0.909  single_hex_dig_count/count_out_0 (single_hex_dig_count/count_out_0)
     INV:I->O              2   0.439   0.702  Result<0>11_INV_0 (Result<0>1)
     FDR:D                     0.370          single_hex_dig_count/count_out_0
    ----------------------------------------
    Total                      2.987ns (1.377ns logic, 1.610ns route)
                                       (46.1% logic, 53.9% route)

=========================================================================
Timing constraint: Default OFFSET IN BEFORE for Clock 'clock_27mhz'
  Total number of paths / destination ports: 20 / 20
-------------------------------------------------------------------------
Offset:              3.462ns (Levels of Logic = 2)
  Source:            button_enter (PAD)
  Destination:       button_debouncer/count_2 (FF)
  Destination Clock: clock_27mhz rising

  Data Path: button_enter to button_debouncer/count_2
                                Gate     Net
    Cell:in->out      fanout   Delay   Delay  Logical Name (Net Name)
    ----------------------------------------  ------------
     IBUF:I->O             3   0.825   1.010  button_enter_IBUF (button_enter_IBUF)
     LUT3:I0->O           11   0.439   0.909  button_debouncer/Mcount_count_val1 (button_debouncer/Mcount_count_val)
     FDRE:R                    0.280          button_debouncer/count_0
    ----------------------------------------
    Total                      3.462ns (1.544ns logic, 1.918ns route)
                                       (44.6% logic, 55.4% route)

=========================================================================
Timing constraint: Default OFFSET OUT AFTER for Clock 'button_debouncer/clean_out'
  Total number of paths / destination ports: 32 / 11
-------------------------------------------------------------------------
Offset:              7.079ns (Levels of Logic = 2)
  Source:            single_hex_dig_count/count_out_0 (FF)
  Destination:       user1<1> (PAD)
  Source Clock:      button_debouncer/clean_out rising

  Data Path: single_hex_dig_count/count_out_0 to user1<1>
                                Gate     Net
    Cell:in->out      fanout   Delay   Delay  Logical Name (Net Name)
    ----------------------------------------  ------------
     FDR:C->Q             11   0.568   1.194  single_hex_dig_count/count_out_0 (single_hex_dig_count/count_out_0)
     LUT4:I0->O            1   0.439   0.517  seven_seg/Mrom_seven_seg_out21 (seven_seg/Mrom_seven_seg_out2)
     OBUF:I->O                 4.361          user1_4_OBUF (user1<4>)
    ----------------------------------------
    Total                      7.079ns (5.368ns logic, 1.711ns route)
                                       (75.8% logic, 24.2% route)

=========================================================================


Total REAL time to Xst completion: 3.00 secs
Total CPU time to Xst completion: 2.50 secs
 
--> 


Total memory usage is 454176 kilobytes

Number of errors   :    0 (   0 filtered)
Number of warnings :  301 (   0 filtered)
Number of infos    :   10 (   0 filtered)

