INFO: [VRFC 10-2263] Analyzing SystemVerilog file "/var/local/xilinx-local/Vivado/2016.2/data/ip/xpm/xpm_cdc/hdl/xpm_cdc.sv" into library xil_defaultlib
INFO: [VRFC 10-311] analyzing module xpm_cdc_single
INFO: [VRFC 10-311] analyzing module xpm_cdc_gray
INFO: [VRFC 10-311] analyzing module xpm_cdc_handshake
INFO: [VRFC 10-311] analyzing module xpm_cdc_pulse
INFO: [VRFC 10-311] analyzing module xpm_cdc_array_single
INFO: [VRFC 10-311] analyzing module xpm_cdc_sync_rst
INFO: [VRFC 10-311] analyzing module xpm_cdc_async_rst
INFO: [VRFC 10-2263] Analyzing SystemVerilog file "/var/local/xilinx-local/Vivado/2016.2/data/ip/xpm/xpm_memory/hdl/xpm_memory_base.sv" into library xil_defaultlib
INFO: [VRFC 10-311] analyzing module xpm_memory_base
INFO: [VRFC 10-2263] Analyzing SystemVerilog file "/var/local/xilinx-local/Vivado/2016.2/data/ip/xpm/xpm_memory/hdl/xpm_memory_dpdistram.sv" into library xil_defaultlib
INFO: [VRFC 10-311] analyzing module xpm_memory_dpdistram
INFO: [VRFC 10-2263] Analyzing SystemVerilog file "/var/local/xilinx-local/Vivado/2016.2/data/ip/xpm/xpm_memory/hdl/xpm_memory_dprom.sv" into library xil_defaultlib
INFO: [VRFC 10-311] analyzing module xpm_memory_dprom
INFO: [VRFC 10-2263] Analyzing SystemVerilog file "/var/local/xilinx-local/Vivado/2016.2/data/ip/xpm/xpm_memory/hdl/xpm_memory_sdpram.sv" into library xil_defaultlib
INFO: [VRFC 10-311] analyzing module xpm_memory_sdpram
INFO: [VRFC 10-2263] Analyzing SystemVerilog file "/var/local/xilinx-local/Vivado/2016.2/data/ip/xpm/xpm_memory/hdl/xpm_memory_spram.sv" into library xil_defaultlib
INFO: [VRFC 10-311] analyzing module xpm_memory_spram
INFO: [VRFC 10-2263] Analyzing SystemVerilog file "/var/local/xilinx-local/Vivado/2016.2/data/ip/xpm/xpm_memory/hdl/xpm_memory_sprom.sv" into library xil_defaultlib
INFO: [VRFC 10-311] analyzing module xpm_memory_sprom
INFO: [VRFC 10-2263] Analyzing SystemVerilog file "/var/local/xilinx-local/Vivado/2016.2/data/ip/xpm/xpm_memory/hdl/xpm_memory_tdpram.sv" into library xil_defaultlib
INFO: [VRFC 10-311] analyzing module xpm_memory_tdpram
INFO: [VRFC 10-2263] Analyzing Verilog file "/afs/athena.mit.edu/user/s/h/shreeyam/Documents/6.111/sudoku/sudoku.srcs/sources_1/new/frame_transfer.v" into library xil_defaultlib
INFO: [VRFC 10-311] analyzing module frame_transfer
INFO: [VRFC 10-2263] Analyzing Verilog file "/afs/athena.mit.edu/user/s/h/shreeyam/Documents/6.111/sudoku/sudoku.srcs/sources_1/imports/Downloads/divider.v" into library xil_defaultlib
INFO: [VRFC 10-311] analyzing module divider
INFO: [VRFC 10-2263] Analyzing Verilog file "/afs/athena.mit.edu/user/s/h/shreeyam/Documents/6.111/sudoku/sudoku.srcs/sources_1/imports/new/frame_parser.v" into library xil_defaultlib
INFO: [VRFC 10-311] analyzing module frame_parser
INFO: [VRFC 10-2263] Analyzing Verilog file "/afs/athena.mit.edu/user/s/h/shreeyam/Documents/6.111/sudoku/sudoku.srcs/sim_1/new/frame_parser_tb.v" into library xil_defaultlib
INFO: [VRFC 10-311] analyzing module frame_parser_tb
INFO: [VRFC 10-2263] Analyzing Verilog file "/afs/athena.mit.edu/user/s/h/shreeyam/Documents/6.111/sudoku/sudoku.sim/sim_1/behav/glbl.v" into library xil_defaultlib
INFO: [VRFC 10-311] analyzing module glbl
