#
# An unexpected error has occurred (6)
#
Stack:
/lib/x86_64-linux-gnu/libc.so.6(+0x36cb0) [0x7f0640b0bcb0]
/lib/x86_64-linux-gnu/libc.so.6(gsignal+0x37) [0x7f0640b0bc37]
/lib/x86_64-linux-gnu/libc.so.6(abort+0x148) [0x7f0640b0f028]
/var/local/xilinx-local/Vivado/2016.2/lib/lnx64.o/libstdc++.so.6(_ZN9__gnu_cxx27__verbose_terminate_handlerEv+0x155) [0x7f0641113a95]
/var/local/xilinx-local/Vivado/2016.2/lib/lnx64.o/libstdc++.so.6(+0x5dc06) [0x7f0641111c06]
/var/local/xilinx-local/Vivado/2016.2/lib/lnx64.o/libstdc++.so.6(+0x5ccc9) [0x7f0641110cc9]
/var/local/xilinx-local/Vivado/2016.2/lib/lnx64.o/libstdc++.so.6(__gxx_personality_v0+0x52a) [0x7f064111187a]
/var/local/xilinx-local/Vivado/2016.2/lib/lnx64.o/libgcc_s.so.1(+0xf6d3) [0x7f0640ead6d3]
/var/local/xilinx-local/Vivado/2016.2/lib/lnx64.o/libgcc_s.so.1(_Unwind_RaiseException+0xfb) [0x7f0640eada6b]
/var/local/xilinx-local/Vivado/2016.2/lib/lnx64.o/libstdc++.so.6(__cxa_throw+0x51) [0x7f0641111e51]
/var/local/xilinx-local/Vivado/2016.2/lib/lnx64.o/librdi_synth.so(+0x1c368d4) [0x7f0613fc78d4]
/var/local/xilinx-local/Vivado/2016.2/lib/lnx64.o/librdi_synth.so(+0x1b89f5f) [0x7f0613f1af5f]
/var/local/xilinx-local/Vivado/2016.2/lib/lnx64.o/librdi_synth.so(NDup::dumpDesign(NDesC*, char const*)+0x10f) [0x7f0613bec4ff]
/var/local/xilinx-local/Vivado/2016.2/lib/lnx64.o/librdi_synth.so(NGenC::dumpDesign(bool, bool) const+0xe2) [0x7f0613bf7542]
/var/local/xilinx-local/Vivado/2016.2/lib/lnx64.o/librdi_synth.so(NGenJob::dumpJob()+0x13) [0x7f0613bf9d03]
/var/local/xilinx-local/Vivado/2016.2/lib/lnx64.o/librdi_synth.so(+0xa66313) [0x7f0612df7313]
/var/local/xilinx-local/Vivado/2016.2/lib/lnx64.o/librdi_synth.so(+0xa661d8) [0x7f0612df71d8]
/var/local/xilinx-local/Vivado/2016.2/lib/lnx64.o/librdi_synth.so(HARTNDb::prepareAvailableTasks()+0xb9) [0x7f0612df21c9]
/var/local/xilinx-local/Vivado/2016.2/lib/lnx64.o/librdi_synth.so(HARTNDb::asyncLaunch(char const*, int, char const*)+0x1e6) [0x7f061351c3d6]
/var/local/xilinx-local/Vivado/2016.2/lib/lnx64.o/librdi_synth.so(+0xbdd701) [0x7f0612f6e701]
/var/local/xilinx-local/Vivado/2016.2/lib/lnx64.o/librdi_synth.so(+0xafc655) [0x7f0612e8d655]
/var/local/xilinx-local/Vivado/2016.2/lib/lnx64.o/libtcl8.5.so(+0x331f5) [0x7f063cbf61f5]
/var/local/xilinx-local/Vivado/2016.2/lib/lnx64.o/libtcl8.5.so(+0x34d6b) [0x7f063cbf7d6b]
/var/local/xilinx-local/Vivado/2016.2/lib/lnx64.o/libtcl8.5.so(Tcl_EvalEx+0x16) [0x7f063cbf8276]
/var/local/xilinx-local/Vivado/2016.2/lib/lnx64.o/libtcl8.5.so(TclEvalObjEx+0x213) [0x7f063cbf84c3]
/var/local/xilinx-local/Vivado/2016.2/lib/lnx64.o/libtcl8.5.so(+0x3b745) [0x7f063cbfe745]
/var/local/xilinx-local/Vivado/2016.2/lib/lnx64.o/libtcl8.5.so(+0x331f5) [0x7f063cbf61f5]
/var/local/xilinx-local/Vivado/2016.2/lib/lnx64.o/libtcl8.5.so(+0x76bbe) [0x7f063cc39bbe]
/var/local/xilinx-local/Vivado/2016.2/lib/lnx64.o/libtcl8.5.so(+0x7e767) [0x7f063cc41767]
/var/local/xilinx-local/Vivado/2016.2/lib/lnx64.o/libtcl8.5.so(TclEvalObjEx+0x77) [0x7f063cbf8327]
/var/local/xilinx-local/Vivado/2016.2/lib/lnx64.o/librdi_commontasks.so(+0x2a8307) [0x7f06381fd307]
/var/local/xilinx-local/Vivado/2016.2/lib/lnx64.o/libtcl8.5.so(+0x331f5) [0x7f063cbf61f5]
/var/local/xilinx-local/Vivado/2016.2/lib/lnx64.o/libtcl8.5.so(+0x76bbe) [0x7f063cc39bbe]
/var/local/xilinx-local/Vivado/2016.2/lib/lnx64.o/libtcl8.5.so(TclObjInterpProcCore+0x2fb) [0x7f063cc7ab8b]
/var/local/xilinx-local/Vivado/2016.2/lib/lnx64.o/libtcl8.5.so(+0x331f5) [0x7f063cbf61f5]
/var/local/xilinx-local/Vivado/2016.2/lib/lnx64.o/libtcl8.5.so(+0x76bbe) [0x7f063cc39bbe]
/var/local/xilinx-local/Vivado/2016.2/lib/lnx64.o/libtcl8.5.so(TclObjInterpProcCore+0x2fb) [0x7f063cc7ab8b]
/var/local/xilinx-local/Vivado/2016.2/lib/lnx64.o/libtcl8.5.so(+0x331f5) [0x7f063cbf61f5]
/var/local/xilinx-local/Vivado/2016.2/lib/lnx64.o/libtcl8.5.so(+0x76bbe) [0x7f063cc39bbe]
/var/local/xilinx-local/Vivado/2016.2/lib/lnx64.o/libtcl8.5.so(+0x7e767) [0x7f063cc41767]
/var/local/xilinx-local/Vivado/2016.2/lib/lnx64.o/libtcl8.5.so(TclEvalObjEx+0x77) [0x7f063cbf8327]
/var/local/xilinx-local/Vivado/2016.2/lib/lnx64.o/librdi_commontasks.so(+0x2a8307) [0x7f06381fd307]
/var/local/xilinx-local/Vivado/2016.2/lib/lnx64.o/libtcl8.5.so(+0x331f5) [0x7f063cbf61f5]
/var/local/xilinx-local/Vivado/2016.2/lib/lnx64.o/libtcl8.5.so(+0x76bbe) [0x7f063cc39bbe]
/var/local/xilinx-local/Vivado/2016.2/lib/lnx64.o/libtcl8.5.so(Tcl_ExprObj+0xfb) [0x7f063cc4133b]
/var/local/xilinx-local/Vivado/2016.2/lib/lnx64.o/libtcl8.5.so(Tcl_ExprBooleanObj+0x16) [0x7f063cbf70c6]
/var/local/xilinx-local/Vivado/2016.2/lib/lnx64.o/libtcl8.5.so(+0x3eae8) [0x7f063cc01ae8]
/var/local/xilinx-local/Vivado/2016.2/lib/lnx64.o/libtcl8.5.so(+0x331f5) [0x7f063cbf61f5]
/var/local/xilinx-local/Vivado/2016.2/lib/lnx64.o/libtcl8.5.so(+0x34d6b) [0x7f063cbf7d6b]
/var/local/xilinx-local/Vivado/2016.2/lib/lnx64.o/libtcl8.5.so(Tcl_EvalEx+0x16) [0x7f063cbf8276]
/var/local/xilinx-local/Vivado/2016.2/lib/lnx64.o/libtcl8.5.so(Tcl_FSEvalFileEx+0x1d2) [0x7f063cc5cd02]
/var/local/xilinx-local/Vivado/2016.2/lib/lnx64.o/librdi_commontasks.so(+0x2c5a32) [0x7f063821aa32]
/var/local/xilinx-local/Vivado/2016.2/lib/lnx64.o/librdi_common.so(+0x5b7707) [0x7f0641b78707]
/var/local/xilinx-local/Vivado/2016.2/lib/lnx64.o/libtcl8.5.so(+0x331f5) [0x7f063cbf61f5]
/var/local/xilinx-local/Vivado/2016.2/lib/lnx64.o/libtcl8.5.so(+0x76bbe) [0x7f063cc39bbe]
/var/local/xilinx-local/Vivado/2016.2/lib/lnx64.o/libtcl8.5.so(+0x7e767) [0x7f063cc41767]
/var/local/xilinx-local/Vivado/2016.2/lib/lnx64.o/libtcl8.5.so(TclEvalObjEx+0x77) [0x7f063cbf8327]
/var/local/xilinx-local/Vivado/2016.2/lib/lnx64.o/libtcl8.5.so(+0xb740f) [0x7f063cc7a40f]
/var/local/xilinx-local/Vivado/2016.2/lib/lnx64.o/libtcl8.5.so(+0x331f5) [0x7f063cbf61f5]
/var/local/xilinx-local/Vivado/2016.2/lib/lnx64.o/libtcl8.5.so(+0x76bbe) [0x7f063cc39bbe]
/var/local/xilinx-local/Vivado/2016.2/lib/lnx64.o/libtcl8.5.so(+0x7e767) [0x7f063cc41767]
/var/local/xilinx-local/Vivado/2016.2/lib/lnx64.o/libtcl8.5.so(TclEvalObjEx+0x77) [0x7f063cbf8327]
/var/local/xilinx-local/Vivado/2016.2/lib/lnx64.o/librdi_commontasks.so(+0x2a83a4) [0x7f06381fd3a4]
/var/local/xilinx-local/Vivado/2016.2/lib/lnx64.o/libtcl8.5.so(+0x331f5) [0x7f063cbf61f5]
/var/local/xilinx-local/Vivado/2016.2/lib/lnx64.o/libtcl8.5.so(+0x34d6b) [0x7f063cbf7d6b]
/var/local/xilinx-local/Vivado/2016.2/lib/lnx64.o/libtcl8.5.so(+0xad531) [0x7f063cc70531]
/var/local/xilinx-local/Vivado/2016.2/lib/lnx64.o/libtcl8.5.so(+0x3491c) [0x7f063cbf791c]
/var/local/xilinx-local/Vivado/2016.2/lib/lnx64.o/libtcl8.5.so(Tcl_EvalEx+0x16) [0x7f063cbf8276]
/var/local/xilinx-local/Vivado/2016.2/lib/lnx64.o/libtcl8.5.so(Tcl_FSEvalFileEx+0x1d2) [0x7f063cc5cd02]
/var/local/xilinx-local/Vivado/2016.2/lib/lnx64.o/librdi_commontasks.so(+0x2c5a32) [0x7f063821aa32]
/var/local/xilinx-local/Vivado/2016.2/lib/lnx64.o/librdi_common.so(+0x5b7707) [0x7f0641b78707]
/var/local/xilinx-local/Vivado/2016.2/lib/lnx64.o/libtcl8.5.so(+0x331f5) [0x7f063cbf61f5]
/var/local/xilinx-local/Vivado/2016.2/lib/lnx64.o/libtcl8.5.so(Tcl_EvalObjv+0x32) [0x7f063cbf67e2]
/var/local/xilinx-local/Vivado/2016.2/lib/lnx64.o/libtcl8.5.so(TclEvalObjEx+0x322) [0x7f063cbf85d2]
/var/local/xilinx-local/Vivado/2016.2/lib/lnx64.o/librdi_common.so(hdi::tcltasks::task_manager::eval_in_tcl(Tcl_Interp*, Tcl_Obj*, char const*, bool)+0x7fd) [0x7f0641b7a0cd]
/var/local/xilinx-local/Vivado/2016.2/lib/lnx64.o/librdi_designutils.so(HRTInvoker::inProcessLaunch(HDGUIStatus&)+0x1ef) [0x7f062d7ff27f]
/var/local/xilinx-local/Vivado/2016.2/lib/lnx64.o/librdi_designutils.so(HRTInvoker::launch(HDGUIStatus&)+0x4b5) [0x7f062d7fffd5]
/var/local/xilinx-local/Vivado/2016.2/lib/lnx64.o/librdi_vivadotasks.so(+0x38a234) [0x7f061030c234]
/var/local/xilinx-local/Vivado/2016.2/lib/lnx64.o/librdi_vivadotasks.so(+0x391440) [0x7f0610313440]
/var/local/xilinx-local/Vivado/2016.2/lib/lnx64.o/librdi_common.so(+0x5b7707) [0x7f0641b78707]
/var/local/xilinx-local/Vivado/2016.2/lib/lnx64.o/libtcl8.5.so(+0x331f5) [0x7f063cbf61f5]
/var/local/xilinx-local/Vivado/2016.2/lib/lnx64.o/libtcl8.5.so(+0x34d6b) [0x7f063cbf7d6b]
/var/local/xilinx-local/Vivado/2016.2/lib/lnx64.o/libtcl8.5.so(Tcl_EvalEx+0x16) [0x7f063cbf8276]
/var/local/xilinx-local/Vivado/2016.2/lib/lnx64.o/libtcl8.5.so(Tcl_FSEvalFileEx+0x1d2) [0x7f063cc5cd02]
/var/local/xilinx-local/Vivado/2016.2/lib/lnx64.o/librdi_commontasks.so(+0x2c5a32) [0x7f063821aa32]
/var/local/xilinx-local/Vivado/2016.2/lib/lnx64.o/librdi_common.so(+0x5b7707) [0x7f0641b78707]
/var/local/xilinx-local/Vivado/2016.2/lib/lnx64.o/libtcl8.5.so(+0x331f5) [0x7f063cbf61f5]
/var/local/xilinx-local/Vivado/2016.2/lib/lnx64.o/libtcl8.5.so(Tcl_EvalObjv+0x32) [0x7f063cbf67e2]
/var/local/xilinx-local/Vivado/2016.2/lib/lnx64.o/libtcl8.5.so(TclEvalObjEx+0x322) [0x7f063cbf85d2]
/var/local/xilinx-local/Vivado/2016.2/lib/lnx64.o/librdi_commontasks.so(+0x2e3979) [0x7f0638238979]
/var/local/xilinx-local/Vivado/2016.2/lib/lnx64.o/librdi_commontasks.so(+0x2dc7c3) [0x7f06382317c3]
/var/local/xilinx-local/Vivado/2016.2/lib/lnx64.o/librdi_common.so(+0x5b7707) [0x7f0641b78707]
/var/local/xilinx-local/Vivado/2016.2/lib/lnx64.o/libtcl8.5.so(+0x331f5) [0x7f063cbf61f5]
/var/local/xilinx-local/Vivado/2016.2/lib/lnx64.o/libtcl8.5.so(Tcl_EvalObjv+0x32) [0x7f063cbf67e2]
/var/local/xilinx-local/Vivado/2016.2/lib/lnx64.o/libtcl8.5.so(TclEvalObjEx+0x322) [0x7f063cbf85d2]
/var/local/xilinx-local/Vivado/2016.2/lib/lnx64.o/librdi_commonmain.so(+0x6330) [0x7f06413bc330]
/var/local/xilinx-local/Vivado/2016.2/lib/lnx64.o/libtcl8.5.so(Tcl_Main+0x1d5) [0x7f063cc63175]
/var/local/xilinx-local/Vivado/2016.2/lib/lnx64.o/librdi_common.so(+0x5f0409) [0x7f0641bb1409]
/lib/x86_64-linux-gnu/libpthread.so.0(+0x8184) [0x7f06405b9184]
/lib/x86_64-linux-gnu/libc.so.6(clone+0x6d) [0x7f0640bd303d]
