#
# An unexpected error has occurred (6)
#
Stack:
/lib/x86_64-linux-gnu/libc.so.6(+0x36cb0) [0x7fdb5dc19cb0]
/lib/x86_64-linux-gnu/libc.so.6(gsignal+0x37) [0x7fdb5dc19c37]
/lib/x86_64-linux-gnu/libc.so.6(abort+0x148) [0x7fdb5dc1d028]
/var/local/xilinx-local/Vivado/2016.2/lib/lnx64.o/libstdc++.so.6(_ZN9__gnu_cxx27__verbose_terminate_handlerEv+0x155) [0x7fdb5e221a95]
/var/local/xilinx-local/Vivado/2016.2/lib/lnx64.o/libstdc++.so.6(+0x5dc06) [0x7fdb5e21fc06]
/var/local/xilinx-local/Vivado/2016.2/lib/lnx64.o/libstdc++.so.6(+0x5ccc9) [0x7fdb5e21ecc9]
/var/local/xilinx-local/Vivado/2016.2/lib/lnx64.o/libstdc++.so.6(__gxx_personality_v0+0x52a) [0x7fdb5e21f87a]
/var/local/xilinx-local/Vivado/2016.2/lib/lnx64.o/libgcc_s.so.1(+0xf6d3) [0x7fdb5dfbb6d3]
/var/local/xilinx-local/Vivado/2016.2/lib/lnx64.o/libgcc_s.so.1(_Unwind_RaiseException+0xfb) [0x7fdb5dfbba6b]
/var/local/xilinx-local/Vivado/2016.2/lib/lnx64.o/libstdc++.so.6(__cxa_throw+0x51) [0x7fdb5e21fe51]
/var/local/xilinx-local/Vivado/2016.2/lib/lnx64.o/librdi_synth.so(+0x1c368d4) [0x7fdb310d58d4]
/var/local/xilinx-local/Vivado/2016.2/lib/lnx64.o/librdi_synth.so(+0x1b89f5f) [0x7fdb31028f5f]
/var/local/xilinx-local/Vivado/2016.2/lib/lnx64.o/librdi_synth.so(NDup::dumpDesign(NDesC*, char const*)+0x10f) [0x7fdb30cfa4ff]
/var/local/xilinx-local/Vivado/2016.2/lib/lnx64.o/librdi_synth.so(NGenC::dumpDesign(bool, bool) const+0xe2) [0x7fdb30d05542]
/var/local/xilinx-local/Vivado/2016.2/lib/lnx64.o/librdi_synth.so(NGenJob::dumpJob()+0x13) [0x7fdb30d07d03]
/var/local/xilinx-local/Vivado/2016.2/lib/lnx64.o/librdi_synth.so(+0xa66313) [0x7fdb2ff05313]
/var/local/xilinx-local/Vivado/2016.2/lib/lnx64.o/librdi_synth.so(+0xa661d8) [0x7fdb2ff051d8]
/var/local/xilinx-local/Vivado/2016.2/lib/lnx64.o/librdi_synth.so(HARTNDb::prepareAvailableTasks()+0xb9) [0x7fdb2ff001c9]
/var/local/xilinx-local/Vivado/2016.2/lib/lnx64.o/librdi_synth.so(HARTNDb::asyncLaunch(char const*, int, char const*)+0x1e6) [0x7fdb3062a3d6]
/var/local/xilinx-local/Vivado/2016.2/lib/lnx64.o/librdi_synth.so(+0xbdd701) [0x7fdb3007c701]
/var/local/xilinx-local/Vivado/2016.2/lib/lnx64.o/librdi_synth.so(+0xafc655) [0x7fdb2ff9b655]
/var/local/xilinx-local/Vivado/2016.2/lib/lnx64.o/libtcl8.5.so(+0x331f5) [0x7fdb59d041f5]
/var/local/xilinx-local/Vivado/2016.2/lib/lnx64.o/libtcl8.5.so(+0x34d6b) [0x7fdb59d05d6b]
/var/local/xilinx-local/Vivado/2016.2/lib/lnx64.o/libtcl8.5.so(Tcl_EvalEx+0x16) [0x7fdb59d06276]
/var/local/xilinx-local/Vivado/2016.2/lib/lnx64.o/libtcl8.5.so(TclEvalObjEx+0x213) [0x7fdb59d064c3]
/var/local/xilinx-local/Vivado/2016.2/lib/lnx64.o/libtcl8.5.so(+0x3b745) [0x7fdb59d0c745]
/var/local/xilinx-local/Vivado/2016.2/lib/lnx64.o/libtcl8.5.so(+0x331f5) [0x7fdb59d041f5]
/var/local/xilinx-local/Vivado/2016.2/lib/lnx64.o/libtcl8.5.so(+0x76bbe) [0x7fdb59d47bbe]
/var/local/xilinx-local/Vivado/2016.2/lib/lnx64.o/libtcl8.5.so(+0x7e767) [0x7fdb59d4f767]
/var/local/xilinx-local/Vivado/2016.2/lib/lnx64.o/libtcl8.5.so(TclEvalObjEx+0x77) [0x7fdb59d06327]
/var/local/xilinx-local/Vivado/2016.2/lib/lnx64.o/librdi_commontasks.so(+0x2a8307) [0x7fdb5530b307]
/var/local/xilinx-local/Vivado/2016.2/lib/lnx64.o/libtcl8.5.so(+0x331f5) [0x7fdb59d041f5]
/var/local/xilinx-local/Vivado/2016.2/lib/lnx64.o/libtcl8.5.so(+0x76bbe) [0x7fdb59d47bbe]
/var/local/xilinx-local/Vivado/2016.2/lib/lnx64.o/libtcl8.5.so(TclObjInterpProcCore+0x2fb) [0x7fdb59d88b8b]
/var/local/xilinx-local/Vivado/2016.2/lib/lnx64.o/libtcl8.5.so(+0x331f5) [0x7fdb59d041f5]
/var/local/xilinx-local/Vivado/2016.2/lib/lnx64.o/libtcl8.5.so(+0x76bbe) [0x7fdb59d47bbe]
/var/local/xilinx-local/Vivado/2016.2/lib/lnx64.o/libtcl8.5.so(TclObjInterpProcCore+0x2fb) [0x7fdb59d88b8b]
/var/local/xilinx-local/Vivado/2016.2/lib/lnx64.o/libtcl8.5.so(+0x331f5) [0x7fdb59d041f5]
/var/local/xilinx-local/Vivado/2016.2/lib/lnx64.o/libtcl8.5.so(+0x76bbe) [0x7fdb59d47bbe]
/var/local/xilinx-local/Vivado/2016.2/lib/lnx64.o/libtcl8.5.so(+0x7e767) [0x7fdb59d4f767]
/var/local/xilinx-local/Vivado/2016.2/lib/lnx64.o/libtcl8.5.so(TclEvalObjEx+0x77) [0x7fdb59d06327]
/var/local/xilinx-local/Vivado/2016.2/lib/lnx64.o/librdi_commontasks.so(+0x2a8307) [0x7fdb5530b307]
/var/local/xilinx-local/Vivado/2016.2/lib/lnx64.o/libtcl8.5.so(+0x331f5) [0x7fdb59d041f5]
/var/local/xilinx-local/Vivado/2016.2/lib/lnx64.o/libtcl8.5.so(+0x76bbe) [0x7fdb59d47bbe]
/var/local/xilinx-local/Vivado/2016.2/lib/lnx64.o/libtcl8.5.so(Tcl_ExprObj+0xfb) [0x7fdb59d4f33b]
/var/local/xilinx-local/Vivado/2016.2/lib/lnx64.o/libtcl8.5.so(Tcl_ExprBooleanObj+0x16) [0x7fdb59d050c6]
/var/local/xilinx-local/Vivado/2016.2/lib/lnx64.o/libtcl8.5.so(+0x3eae8) [0x7fdb59d0fae8]
/var/local/xilinx-local/Vivado/2016.2/lib/lnx64.o/libtcl8.5.so(+0x331f5) [0x7fdb59d041f5]
/var/local/xilinx-local/Vivado/2016.2/lib/lnx64.o/libtcl8.5.so(+0x34d6b) [0x7fdb59d05d6b]
/var/local/xilinx-local/Vivado/2016.2/lib/lnx64.o/libtcl8.5.so(Tcl_EvalEx+0x16) [0x7fdb59d06276]
/var/local/xilinx-local/Vivado/2016.2/lib/lnx64.o/libtcl8.5.so(Tcl_FSEvalFileEx+0x1d2) [0x7fdb59d6ad02]
/var/local/xilinx-local/Vivado/2016.2/lib/lnx64.o/librdi_commontasks.so(+0x2c5a32) [0x7fdb55328a32]
/var/local/xilinx-local/Vivado/2016.2/lib/lnx64.o/librdi_common.so(+0x5b7707) [0x7fdb5ec86707]
/var/local/xilinx-local/Vivado/2016.2/lib/lnx64.o/libtcl8.5.so(+0x331f5) [0x7fdb59d041f5]
/var/local/xilinx-local/Vivado/2016.2/lib/lnx64.o/libtcl8.5.so(+0x76bbe) [0x7fdb59d47bbe]
/var/local/xilinx-local/Vivado/2016.2/lib/lnx64.o/libtcl8.5.so(+0x7e767) [0x7fdb59d4f767]
/var/local/xilinx-local/Vivado/2016.2/lib/lnx64.o/libtcl8.5.so(TclEvalObjEx+0x77) [0x7fdb59d06327]
/var/local/xilinx-local/Vivado/2016.2/lib/lnx64.o/libtcl8.5.so(+0xb740f) [0x7fdb59d8840f]
/var/local/xilinx-local/Vivado/2016.2/lib/lnx64.o/libtcl8.5.so(+0x331f5) [0x7fdb59d041f5]
/var/local/xilinx-local/Vivado/2016.2/lib/lnx64.o/libtcl8.5.so(+0x76bbe) [0x7fdb59d47bbe]
/var/local/xilinx-local/Vivado/2016.2/lib/lnx64.o/libtcl8.5.so(+0x7e767) [0x7fdb59d4f767]
/var/local/xilinx-local/Vivado/2016.2/lib/lnx64.o/libtcl8.5.so(TclEvalObjEx+0x77) [0x7fdb59d06327]
/var/local/xilinx-local/Vivado/2016.2/lib/lnx64.o/librdi_commontasks.so(+0x2a83a4) [0x7fdb5530b3a4]
/var/local/xilinx-local/Vivado/2016.2/lib/lnx64.o/libtcl8.5.so(+0x331f5) [0x7fdb59d041f5]
/var/local/xilinx-local/Vivado/2016.2/lib/lnx64.o/libtcl8.5.so(+0x34d6b) [0x7fdb59d05d6b]
/var/local/xilinx-local/Vivado/2016.2/lib/lnx64.o/libtcl8.5.so(+0xad531) [0x7fdb59d7e531]
/var/local/xilinx-local/Vivado/2016.2/lib/lnx64.o/libtcl8.5.so(+0x3491c) [0x7fdb59d0591c]
/var/local/xilinx-local/Vivado/2016.2/lib/lnx64.o/libtcl8.5.so(Tcl_EvalEx+0x16) [0x7fdb59d06276]
/var/local/xilinx-local/Vivado/2016.2/lib/lnx64.o/libtcl8.5.so(Tcl_FSEvalFileEx+0x1d2) [0x7fdb59d6ad02]
/var/local/xilinx-local/Vivado/2016.2/lib/lnx64.o/librdi_commontasks.so(+0x2c5a32) [0x7fdb55328a32]
/var/local/xilinx-local/Vivado/2016.2/lib/lnx64.o/librdi_common.so(+0x5b7707) [0x7fdb5ec86707]
/var/local/xilinx-local/Vivado/2016.2/lib/lnx64.o/libtcl8.5.so(+0x331f5) [0x7fdb59d041f5]
/var/local/xilinx-local/Vivado/2016.2/lib/lnx64.o/libtcl8.5.so(Tcl_EvalObjv+0x32) [0x7fdb59d047e2]
/var/local/xilinx-local/Vivado/2016.2/lib/lnx64.o/libtcl8.5.so(TclEvalObjEx+0x322) [0x7fdb59d065d2]
/var/local/xilinx-local/Vivado/2016.2/lib/lnx64.o/librdi_common.so(hdi::tcltasks::task_manager::eval_in_tcl(Tcl_Interp*, Tcl_Obj*, char const*, bool)+0x7fd) [0x7fdb5ec880cd]
/var/local/xilinx-local/Vivado/2016.2/lib/lnx64.o/librdi_designutils.so(HRTInvoker::inProcessLaunch(HDGUIStatus&)+0x1ef) [0x7fdb4a90d27f]
/var/local/xilinx-local/Vivado/2016.2/lib/lnx64.o/librdi_designutils.so(HRTInvoker::launch(HDGUIStatus&)+0x4b5) [0x7fdb4a90dfd5]
/var/local/xilinx-local/Vivado/2016.2/lib/lnx64.o/librdi_vivadotasks.so(+0x38a234) [0x7fdb2d41a234]
/var/local/xilinx-local/Vivado/2016.2/lib/lnx64.o/librdi_vivadotasks.so(+0x391440) [0x7fdb2d421440]
/var/local/xilinx-local/Vivado/2016.2/lib/lnx64.o/librdi_common.so(+0x5b7707) [0x7fdb5ec86707]
/var/local/xilinx-local/Vivado/2016.2/lib/lnx64.o/libtcl8.5.so(+0x331f5) [0x7fdb59d041f5]
/var/local/xilinx-local/Vivado/2016.2/lib/lnx64.o/libtcl8.5.so(+0x34d6b) [0x7fdb59d05d6b]
/var/local/xilinx-local/Vivado/2016.2/lib/lnx64.o/libtcl8.5.so(Tcl_EvalEx+0x16) [0x7fdb59d06276]
/var/local/xilinx-local/Vivado/2016.2/lib/lnx64.o/libtcl8.5.so(Tcl_FSEvalFileEx+0x1d2) [0x7fdb59d6ad02]
/var/local/xilinx-local/Vivado/2016.2/lib/lnx64.o/librdi_commontasks.so(+0x2c5a32) [0x7fdb55328a32]
/var/local/xilinx-local/Vivado/2016.2/lib/lnx64.o/librdi_common.so(+0x5b7707) [0x7fdb5ec86707]
/var/local/xilinx-local/Vivado/2016.2/lib/lnx64.o/libtcl8.5.so(+0x331f5) [0x7fdb59d041f5]
/var/local/xilinx-local/Vivado/2016.2/lib/lnx64.o/libtcl8.5.so(Tcl_EvalObjv+0x32) [0x7fdb59d047e2]
/var/local/xilinx-local/Vivado/2016.2/lib/lnx64.o/libtcl8.5.so(TclEvalObjEx+0x322) [0x7fdb59d065d2]
/var/local/xilinx-local/Vivado/2016.2/lib/lnx64.o/librdi_commontasks.so(+0x2e3979) [0x7fdb55346979]
/var/local/xilinx-local/Vivado/2016.2/lib/lnx64.o/librdi_commontasks.so(+0x2dc7c3) [0x7fdb5533f7c3]
/var/local/xilinx-local/Vivado/2016.2/lib/lnx64.o/librdi_common.so(+0x5b7707) [0x7fdb5ec86707]
/var/local/xilinx-local/Vivado/2016.2/lib/lnx64.o/libtcl8.5.so(+0x331f5) [0x7fdb59d041f5]
/var/local/xilinx-local/Vivado/2016.2/lib/lnx64.o/libtcl8.5.so(Tcl_EvalObjv+0x32) [0x7fdb59d047e2]
/var/local/xilinx-local/Vivado/2016.2/lib/lnx64.o/libtcl8.5.so(TclEvalObjEx+0x322) [0x7fdb59d065d2]
/var/local/xilinx-local/Vivado/2016.2/lib/lnx64.o/librdi_commonmain.so(+0x6330) [0x7fdb5e4ca330]
/var/local/xilinx-local/Vivado/2016.2/lib/lnx64.o/libtcl8.5.so(Tcl_Main+0x1d5) [0x7fdb59d71175]
/var/local/xilinx-local/Vivado/2016.2/lib/lnx64.o/librdi_common.so(+0x5f0409) [0x7fdb5ecbf409]
/lib/x86_64-linux-gnu/libpthread.so.0(+0x8184) [0x7fdb5d6c7184]
/lib/x86_64-linux-gnu/libc.so.6(clone+0x6d) [0x7fdb5dce103d]
