#
# An unexpected error has occurred (6)
#
Stack:
/lib/x86_64-linux-gnu/libc.so.6(+0x36cb0) [0x7f939e1ddcb0]
/lib/x86_64-linux-gnu/libc.so.6(gsignal+0x37) [0x7f939e1ddc37]
/lib/x86_64-linux-gnu/libc.so.6(abort+0x148) [0x7f939e1e1028]
/var/local/xilinx-local/Vivado/2016.2/lib/lnx64.o/libtcl8.5.so(Tcl_PanicVA+0x177) [0x7f939a33fc07]
/var/local/xilinx-local/Vivado/2016.2/lib/lnx64.o/libtcl8.5.so(Tcl_Panic+0x8c) [0x7f939a33fcbc]
/var/local/xilinx-local/Vivado/2016.2/lib/lnx64.o/libtcl8.5.so(TclStackFree+0x49) [0x7f939a30a019]
/var/local/xilinx-local/Vivado/2016.2/lib/lnx64.o/libtcl8.5.so(+0x34f04) [0x7f939a2c9f04]
/var/local/xilinx-local/Vivado/2016.2/lib/lnx64.o/libtcl8.5.so(Tcl_EvalEx+0x16) [0x7f939a2ca276]
/var/local/xilinx-local/Vivado/2016.2/lib/lnx64.o/libtcl8.5.so(Tcl_FSEvalFileEx+0x1d2) [0x7f939a32ed02]
/var/local/xilinx-local/Vivado/2016.2/lib/lnx64.o/librdi_commontasks.so(+0x2c5a32) [0x7f93958eca32]
/var/local/xilinx-local/Vivado/2016.2/lib/lnx64.o/librdi_common.so(+0x5b7707) [0x7f939f24a707]
/var/local/xilinx-local/Vivado/2016.2/lib/lnx64.o/libtcl8.5.so(+0x331f5) [0x7f939a2c81f5]
/var/local/xilinx-local/Vivado/2016.2/lib/lnx64.o/libtcl8.5.so(+0x34d6b) [0x7f939a2c9d6b]
/var/local/xilinx-local/Vivado/2016.2/lib/lnx64.o/libtcl8.5.so(Tcl_EvalEx+0x16) [0x7f939a2ca276]
/var/local/xilinx-local/Vivado/2016.2/lib/lnx64.o/libtcl8.5.so(TclEvalObjEx+0x3cf) [0x7f939a2ca67f]
/var/local/xilinx-local/Vivado/2016.2/lib/lnx64.o/libtcl8.5.so(+0xb736e) [0x7f939a34c36e]
/var/local/xilinx-local/Vivado/2016.2/lib/lnx64.o/libtcl8.5.so(+0x331f5) [0x7f939a2c81f5]
/var/local/xilinx-local/Vivado/2016.2/lib/lnx64.o/libtcl8.5.so(+0x76bbe) [0x7f939a30bbbe]
/var/local/xilinx-local/Vivado/2016.2/lib/lnx64.o/libtcl8.5.so(TclObjInterpProcCore+0x2fb) [0x7f939a34cb8b]
/var/local/xilinx-local/Vivado/2016.2/lib/lnx64.o/libtcl8.5.so(+0x331f5) [0x7f939a2c81f5]
/var/local/xilinx-local/Vivado/2016.2/lib/lnx64.o/libtcl8.5.so(+0x34d6b) [0x7f939a2c9d6b]
/var/local/xilinx-local/Vivado/2016.2/lib/lnx64.o/libtcl8.5.so(Tcl_EvalEx+0x16) [0x7f939a2ca276]
/var/local/xilinx-local/Vivado/2016.2/lib/lnx64.o/libtcl8.5.so(TclEvalObjEx+0x3cf) [0x7f939a2ca67f]
/var/local/xilinx-local/Vivado/2016.2/lib/lnx64.o/libtcl8.5.so(+0xb736e) [0x7f939a34c36e]
/var/local/xilinx-local/Vivado/2016.2/lib/lnx64.o/libtcl8.5.so(+0x331f5) [0x7f939a2c81f5]
/var/local/xilinx-local/Vivado/2016.2/lib/lnx64.o/libtcl8.5.so(+0x76bbe) [0x7f939a30bbbe]
/var/local/xilinx-local/Vivado/2016.2/lib/lnx64.o/libtcl8.5.so(TclObjInterpProcCore+0x2fb) [0x7f939a34cb8b]
/var/local/xilinx-local/Vivado/2016.2/lib/lnx64.o/libtcl8.5.so(+0x331f5) [0x7f939a2c81f5]
/var/local/xilinx-local/Vivado/2016.2/lib/lnx64.o/libtcl8.5.so(+0x34d6b) [0x7f939a2c9d6b]
/var/local/xilinx-local/Vivado/2016.2/lib/lnx64.o/libtcl8.5.so(Tcl_EvalEx+0x16) [0x7f939a2ca276]
/var/local/xilinx-local/Vivado/2016.2/lib/lnx64.o/libtcl8.5.so(TclEvalObjEx+0x213) [0x7f939a2ca4c3]
/var/local/xilinx-local/Vivado/2016.2/lib/lnx64.o/libtcl8.5.so(+0x3b745) [0x7f939a2d0745]
/var/local/xilinx-local/Vivado/2016.2/lib/lnx64.o/libtcl8.5.so(+0x331f5) [0x7f939a2c81f5]
/var/local/xilinx-local/Vivado/2016.2/lib/lnx64.o/libtcl8.5.so(+0x76bbe) [0x7f939a30bbbe]
/var/local/xilinx-local/Vivado/2016.2/lib/lnx64.o/libtcl8.5.so(+0x7e767) [0x7f939a313767]
/var/local/xilinx-local/Vivado/2016.2/lib/lnx64.o/libtcl8.5.so(TclEvalObjEx+0x77) [0x7f939a2ca327]
/var/local/xilinx-local/Vivado/2016.2/lib/lnx64.o/librdi_commontasks.so(+0x2a8307) [0x7f93958cf307]
/var/local/xilinx-local/Vivado/2016.2/lib/lnx64.o/libtcl8.5.so(+0x331f5) [0x7f939a2c81f5]
/var/local/xilinx-local/Vivado/2016.2/lib/lnx64.o/libtcl8.5.so(+0x76bbe) [0x7f939a30bbbe]
/var/local/xilinx-local/Vivado/2016.2/lib/lnx64.o/libtcl8.5.so(TclObjInterpProcCore+0x2fb) [0x7f939a34cb8b]
/var/local/xilinx-local/Vivado/2016.2/lib/lnx64.o/libtcl8.5.so(+0x331f5) [0x7f939a2c81f5]
/var/local/xilinx-local/Vivado/2016.2/lib/lnx64.o/libtcl8.5.so(Tcl_EvalObjv+0x32) [0x7f939a2c87e2]
/var/local/xilinx-local/Vivado/2016.2/lib/lnx64.o/libtcl8.5.so(TclEvalObjEx+0x322) [0x7f939a2ca5d2]
/var/local/xilinx-local/Vivado/2016.2/lib/lnx64.o/librdi_common.so(hdi::tcltasks::task_manager::eval_in_tcl(Tcl_Interp*, Tcl_Obj*, char const*, bool)+0x7fd) [0x7f939f24c0cd]
/var/local/xilinx-local/Vivado/2016.2/lib/lnx64.o/librdi_synth.so(HARTSWorker::runInternal()+0xf1) [0x7f9370bfcad1]
/var/local/xilinx-local/Vivado/2016.2/lib/lnx64.o/librdi_synth.so(HARTSWorker::runJob(HARTSWorkerConfig&)+0x9b) [0x7f9370bfdafb]
/var/local/xilinx-local/Vivado/2016.2/lib/lnx64.o/librdi_synth.so(HARTSWorker::mainLoop()+0x5b) [0x7f9370bfdc3b]
/var/local/xilinx-local/Vivado/2016.2/lib/lnx64.o/librdi_synth.so(HARTNDb::parallelListen(char const*, char const*, char const*)+0x40) [0x7f93704c3cc0]
/var/local/xilinx-local/Vivado/2016.2/lib/lnx64.o/librdi_synth.so(+0xb960fb) [0x7f93705f90fb]
/var/local/xilinx-local/Vivado/2016.2/lib/lnx64.o/librdi_synth.so(+0xafc655) [0x7f937055f655]
/var/local/xilinx-local/Vivado/2016.2/lib/lnx64.o/libtcl8.5.so(+0x331f5) [0x7f939a2c81f5]
/var/local/xilinx-local/Vivado/2016.2/lib/lnx64.o/libtcl8.5.so(+0x34d6b) [0x7f939a2c9d6b]
/var/local/xilinx-local/Vivado/2016.2/lib/lnx64.o/libtcl8.5.so(Tcl_EvalEx+0x16) [0x7f939a2ca276]
/var/local/xilinx-local/Vivado/2016.2/lib/lnx64.o/libtcl8.5.so(TclEvalObjEx+0x213) [0x7f939a2ca4c3]
/var/local/xilinx-local/Vivado/2016.2/lib/lnx64.o/libtcl8.5.so(+0x3b745) [0x7f939a2d0745]
/var/local/xilinx-local/Vivado/2016.2/lib/lnx64.o/libtcl8.5.so(+0x331f5) [0x7f939a2c81f5]
/var/local/xilinx-local/Vivado/2016.2/lib/lnx64.o/libtcl8.5.so(+0x76bbe) [0x7f939a30bbbe]
/var/local/xilinx-local/Vivado/2016.2/lib/lnx64.o/libtcl8.5.so(+0x7e767) [0x7f939a313767]
/var/local/xilinx-local/Vivado/2016.2/lib/lnx64.o/libtcl8.5.so(TclEvalObjEx+0x77) [0x7f939a2ca327]
/var/local/xilinx-local/Vivado/2016.2/lib/lnx64.o/librdi_commontasks.so(+0x2a83a4) [0x7f93958cf3a4]
/var/local/xilinx-local/Vivado/2016.2/lib/lnx64.o/libtcl8.5.so(+0x331f5) [0x7f939a2c81f5]
/var/local/xilinx-local/Vivado/2016.2/lib/lnx64.o/libtcl8.5.so(+0x76bbe) [0x7f939a30bbbe]
/var/local/xilinx-local/Vivado/2016.2/lib/lnx64.o/libtcl8.5.so(TclObjInterpProcCore+0x2fb) [0x7f939a34cb8b]
/var/local/xilinx-local/Vivado/2016.2/lib/lnx64.o/libtcl8.5.so(+0x331f5) [0x7f939a2c81f5]
/var/local/xilinx-local/Vivado/2016.2/lib/lnx64.o/libtcl8.5.so(+0x76bbe) [0x7f939a30bbbe]
/var/local/xilinx-local/Vivado/2016.2/lib/lnx64.o/libtcl8.5.so(+0x7e767) [0x7f939a313767]
/var/local/xilinx-local/Vivado/2016.2/lib/lnx64.o/libtcl8.5.so(TclEvalObjEx+0x77) [0x7f939a2ca327]
/var/local/xilinx-local/Vivado/2016.2/lib/lnx64.o/libtcl8.5.so(+0x3eb6a) [0x7f939a2d3b6a]
/var/local/xilinx-local/Vivado/2016.2/lib/lnx64.o/libtcl8.5.so(+0x331f5) [0x7f939a2c81f5]
/var/local/xilinx-local/Vivado/2016.2/lib/lnx64.o/libtcl8.5.so(+0x34d6b) [0x7f939a2c9d6b]
/var/local/xilinx-local/Vivado/2016.2/lib/lnx64.o/libtcl8.5.so(Tcl_EvalEx+0x16) [0x7f939a2ca276]
/var/local/xilinx-local/Vivado/2016.2/lib/lnx64.o/libtcl8.5.so(Tcl_FSEvalFileEx+0x1d2) [0x7f939a32ed02]
/var/local/xilinx-local/Vivado/2016.2/lib/lnx64.o/librdi_commontasks.so(+0x2c5a32) [0x7f93958eca32]
/var/local/xilinx-local/Vivado/2016.2/lib/lnx64.o/librdi_common.so(+0x5b7707) [0x7f939f24a707]
/var/local/xilinx-local/Vivado/2016.2/lib/lnx64.o/libtcl8.5.so(+0x331f5) [0x7f939a2c81f5]
/var/local/xilinx-local/Vivado/2016.2/lib/lnx64.o/libtcl8.5.so(Tcl_EvalObjv+0x32) [0x7f939a2c87e2]
/var/local/xilinx-local/Vivado/2016.2/lib/lnx64.o/libtcl8.5.so(TclEvalObjEx+0x322) [0x7f939a2ca5d2]
/var/local/xilinx-local/Vivado/2016.2/lib/lnx64.o/librdi_commontasks.so(+0x2e3979) [0x7f939590a979]
/var/local/xilinx-local/Vivado/2016.2/lib/lnx64.o/librdi_commontasks.so(+0x2dc7c3) [0x7f93959037c3]
/var/local/xilinx-local/Vivado/2016.2/lib/lnx64.o/librdi_common.so(+0x5b7707) [0x7f939f24a707]
/var/local/xilinx-local/Vivado/2016.2/lib/lnx64.o/libtcl8.5.so(+0x331f5) [0x7f939a2c81f5]
/var/local/xilinx-local/Vivado/2016.2/lib/lnx64.o/libtcl8.5.so(Tcl_EvalObjv+0x32) [0x7f939a2c87e2]
/var/local/xilinx-local/Vivado/2016.2/lib/lnx64.o/libtcl8.5.so(TclEvalObjEx+0x322) [0x7f939a2ca5d2]
/var/local/xilinx-local/Vivado/2016.2/lib/lnx64.o/librdi_commonmain.so(+0x6330) [0x7f939ea8e330]
/var/local/xilinx-local/Vivado/2016.2/lib/lnx64.o/libtcl8.5.so(Tcl_Main+0x1d5) [0x7f939a335175]
/var/local/xilinx-local/Vivado/2016.2/lib/lnx64.o/librdi_common.so(+0x5f0409) [0x7f939f283409]
/lib/x86_64-linux-gnu/libpthread.so.0(+0x8184) [0x7f939dc8b184]
/lib/x86_64-linux-gnu/libc.so.6(clone+0x6d) [0x7f939e2a503d]
