#
# An unexpected error has occurred (6)
#
Stack:
/lib/x86_64-linux-gnu/libc.so.6(+0x36cb0) [0x7ffb11a0fcb0]
/lib/x86_64-linux-gnu/libc.so.6(gsignal+0x37) [0x7ffb11a0fc37]
/lib/x86_64-linux-gnu/libc.so.6(abort+0x148) [0x7ffb11a13028]
/var/local/xilinx-local/Vivado/2016.2/lib/lnx64.o/libtcl8.5.so(Tcl_PanicVA+0x177) [0x7ffb0db71c07]
/var/local/xilinx-local/Vivado/2016.2/lib/lnx64.o/libtcl8.5.so(Tcl_Panic+0x8c) [0x7ffb0db71cbc]
/var/local/xilinx-local/Vivado/2016.2/lib/lnx64.o/libtcl8.5.so(TclStackFree+0x49) [0x7ffb0db3c019]
/var/local/xilinx-local/Vivado/2016.2/lib/lnx64.o/libtcl8.5.so(+0x34f04) [0x7ffb0dafbf04]
/var/local/xilinx-local/Vivado/2016.2/lib/lnx64.o/libtcl8.5.so(Tcl_EvalEx+0x16) [0x7ffb0dafc276]
/var/local/xilinx-local/Vivado/2016.2/lib/lnx64.o/libtcl8.5.so(Tcl_FSEvalFileEx+0x1d2) [0x7ffb0db60d02]
/var/local/xilinx-local/Vivado/2016.2/lib/lnx64.o/librdi_commontasks.so(+0x2c5a32) [0x7ffb0911ea32]
/var/local/xilinx-local/Vivado/2016.2/lib/lnx64.o/librdi_common.so(+0x5b7707) [0x7ffb12a7c707]
/var/local/xilinx-local/Vivado/2016.2/lib/lnx64.o/libtcl8.5.so(+0x331f5) [0x7ffb0dafa1f5]
/var/local/xilinx-local/Vivado/2016.2/lib/lnx64.o/libtcl8.5.so(+0x34d6b) [0x7ffb0dafbd6b]
/var/local/xilinx-local/Vivado/2016.2/lib/lnx64.o/libtcl8.5.so(Tcl_EvalEx+0x16) [0x7ffb0dafc276]
/var/local/xilinx-local/Vivado/2016.2/lib/lnx64.o/libtcl8.5.so(TclEvalObjEx+0x3cf) [0x7ffb0dafc67f]
/var/local/xilinx-local/Vivado/2016.2/lib/lnx64.o/libtcl8.5.so(+0xb736e) [0x7ffb0db7e36e]
/var/local/xilinx-local/Vivado/2016.2/lib/lnx64.o/libtcl8.5.so(+0x331f5) [0x7ffb0dafa1f5]
/var/local/xilinx-local/Vivado/2016.2/lib/lnx64.o/libtcl8.5.so(+0x76bbe) [0x7ffb0db3dbbe]
/var/local/xilinx-local/Vivado/2016.2/lib/lnx64.o/libtcl8.5.so(TclObjInterpProcCore+0x2fb) [0x7ffb0db7eb8b]
/var/local/xilinx-local/Vivado/2016.2/lib/lnx64.o/libtcl8.5.so(+0x331f5) [0x7ffb0dafa1f5]
/var/local/xilinx-local/Vivado/2016.2/lib/lnx64.o/libtcl8.5.so(+0x34d6b) [0x7ffb0dafbd6b]
/var/local/xilinx-local/Vivado/2016.2/lib/lnx64.o/libtcl8.5.so(Tcl_EvalEx+0x16) [0x7ffb0dafc276]
/var/local/xilinx-local/Vivado/2016.2/lib/lnx64.o/libtcl8.5.so(TclEvalObjEx+0x3cf) [0x7ffb0dafc67f]
/var/local/xilinx-local/Vivado/2016.2/lib/lnx64.o/libtcl8.5.so(+0xb736e) [0x7ffb0db7e36e]
/var/local/xilinx-local/Vivado/2016.2/lib/lnx64.o/libtcl8.5.so(+0x331f5) [0x7ffb0dafa1f5]
/var/local/xilinx-local/Vivado/2016.2/lib/lnx64.o/libtcl8.5.so(+0x76bbe) [0x7ffb0db3dbbe]
/var/local/xilinx-local/Vivado/2016.2/lib/lnx64.o/libtcl8.5.so(TclObjInterpProcCore+0x2fb) 
0x7ffb0db7eb8b]
/var/local/xilinx-local/Vivado/2016.2/lib/lnx64.o/libtcl8.5.so(+0x331f5) [0x7ffb0dafa1f5]
/var/local/xilinx-local/Vivado/2016.2/lib/lnx64.o/libtcl8.5.so(+0x34d6b) [0x7ffb0dafbd6b]
/var/local/xilinx-local/Vivado/2016.2/lib/lnx64.o/libtcl8.5.so(Tcl_EvalEx+0x16) [0x7ffb0dafc276]
/var/local/xilinx-local/Vivado/2016.2/lib/lnx64.o/libtcl8.5.so(TclEvalObjEx+0x213) [0x7ffb0dafc4c3]
/var/local/xilinx-local/Vivado/2016.2/lib/lnx64.o/libtcl8.5.so(+0x3b745) [0x7ffb0db02745]
/var/local/xilinx-local/Vivado/2016.2/lib/lnx64.o/libtcl8.5.so(+0x331f5) [0x7ffb0dafa1f5]
/var/local/xilinx-local/Vivado/2016.2/lib/lnx64.o/libtcl8.5.so(+0x76bbe) [0x7ffb0db3dbbe]
/var/local/xilinx-local/Vivado/2016.2/lib/lnx64.o/libtcl8.5.so(+0x7e767) [0x7ffb0db45767]
/var/local/xilinx-local/Vivado/2016.2/lib/lnx64.o/libtcl8.5.so(TclEvalObjEx+0x77) [0x7ffb0dafc327]
/var/local/xilinx-local/Vivado/2016.2/lib/lnx64.o/librdi_commontasks.so(+0x2a8307) [0x7ffb09101307]
/var/local/xilinx-local/Vivado/2016.2/lib/lnx64.o/libtcl8.5.so(+0x331f5) [0x7ffb0dafa1f5]
/var/local/xilinx-local/Vivado/2016.2/lib/lnx64.o/libtcl8.5.so(+0x76bbe) [0x7ffb0db3dbbe]
/var/local/xilinx-local/Vivado/2016.2/lib/lnx64.o/libtcl8.5.so(TclObjInterpProcCore+0x2fb) [0x7ffb0db7eb8b]
/var/local/xilinx-local/Vivado/2016.2/lib/lnx64.o/libtcl8.5.so(+0x331f5) [0x7ffb0dafa1f5]
/var/local/xilinx-local/Vivado/2016.2/lib/lnx64.o/libtcl8.5.so(Tcl_EvalObjv+0x32) [0x7ffb0dafa7e2]
/var/local/xilinx-local/Vivado/2016.2/lib/lnx64.o/libtcl8.5.so(TclEvalObjEx+0x322) [0x7ffb0dafc5d2]
/var/local/xilinx-local/Vivado/2016.2/lib/lnx64.o/librdi_common.so(hdi::tcltasks::task_manager::eval_in_tcl(Tcl_Interp*, Tcl_Obj*, char const*, bool)+0x7fd) [0x7ffb12a7e0cd]
/var/local/xilinx-local/Vivado/2016.2/lib/lnx64.o/librdi_synth.so(HARTSWorker::runInternal()+0xf1) [0x7ffae442ead1]
/var/local/xilinx-local/Vivado/2016.2/lib/lnx64.o/librdi_synth.so(HARTSWorker::runJob(HARTSWorkerConfig&)+0x9b) [0x7ffae442fafb]
/var/local/xilinx-local/Vivado/2016.2/lib/lnx64.o/librdi_synth.so(HARTSWorker::mainLoop()+0x5b) [0x7ffae442fc3b]
/var/local/xilinx-local/Vivado/2016.2/lib/lnx64.o/librdi_synth.so(HARTNDb::parallelListen(char const*, char const*, char const*)+0x40) [0x7ffae3cf5cc0]
/var/local/xilinx-local/Vivado/2016.2/lib/lnx64.o/librdi_synth.so(+0xb960fb) [0x7ffae3e2b0fb]
/var/local/xilinx-local/Vivado/2016.2/lib/lnx64.o/librdi_synth.so(+0xafc655) [0x7ffae3d91655]
/var/local/xilinx-local/Vivado/2016.2/lib/lnx64.o/libtcl8.5.so(+0x331f5) [0x7ffb0dafa1f5]
/var/local/xilinx-local/Vivado/2016.2/lib/lnx64.o/libtcl8.5.so(+0x34d6b) [0x7ffb0dafbd6b]
/var/local/xilinx-local/Vivado/2016.2/lib/lnx64.o/libtcl8.5.so(Tcl_EvalEx+0x16) [0x7ffb0dafc276]
/var/local/xilinx-local/Vivado/2016.2/lib/lnx64.o/libtcl8.5.so(TclEvalObjEx+0x213) [0x7ffb0dafc4c3]
/var/local/xilinx-local/Vivado/2016.2/lib/lnx64.o/libtcl8.5.so(+0x3b745) [0x7ffb0db02745]
/var/local/xilinx-local/Vivado/2016.2/lib/lnx64.o/libtcl8.5.so(+0x331f5) [0x7ffb0dafa1f5]
/var/local/xilinx-local/Vivado/2016.2/lib/lnx64.o/libtcl8.5.so(+0x76bbe) [0x7ffb0db3dbbe]
/var/local/xilinx-local/Vivado/2016.2/lib/lnx64.o/libtcl8.5.so(+0x7e767) [0x7ffb0db45767]
/var/local/xilinx-local/Vivado/2016.2/lib/lnx64.o/libtcl8.5.so(TclEvalObjEx+0x77) [0x7ffb0dafc327]
/var/local/xilinx-local/Vivado/2016.2/lib/lnx64.o/librdi_commontasks.so(+0x2a83a4) [0x7ffb091013a4]
/var/local/xilinx-local/Vivado/2016.2/lib/lnx64.o/libtcl8.5.so(+0x331f5) [0x7ffb0dafa1f5]
/var/local/xilinx-local/Vivado/2016.2/lib/lnx64.o/libtcl8.5.so(+0x76bbe) [0x7ffb0db3dbbe]
/var/local/xilinx-local/Vivado/2016.2/lib/lnx64.o/libtcl8.5.so(TclObjInterpProcCore+0x2fb) [0x7ffb0db7eb8b]
/var/local/xilinx-local/Vivado/2016.2/lib/lnx64.o/libtcl8.5.so(+0x331f5) [0x7ffb0dafa1f5]
/var/local/xilinx-local/Vivado/2016.2/lib/lnx64.o/libtcl8.5.so(+0x76bbe) [0x7ffb0db3dbbe]
/var/local/xilinx-local/Vivado/2016.2/lib/lnx64.o/libtcl8.5.so(+0x7e767) [0x7ffb0db45767]
/var/local/xilinx-local/Vivado/2016.2/lib/lnx64.o/libtcl8.5.so(TclEvalObjEx+0x77) [0x7ffb0dafc327]
/var/local/xilinx-local/Vivado/2016.2/lib/lnx64.o/libtcl8.5.so(+0x3eb6a) [0x7ffb0db05b6a]
/var/local/xilinx-local/Vivado/2016.2/lib/lnx64.o/libtcl8.5.so(+0x331f5) [0x7ffb0dafa1f5]
/var/local/xilinx-local/Vivado/2016.2/lib/lnx64.o/libtcl8.5.so(+0x34d6b) [0x7ffb0dafbd6b]
/var/local/xilinx-local/Vivado/2016.2/lib/lnx64.o/libtcl8.5.so(Tcl_EvalEx+0x16) [0x7ffb0dafc276]
/var/local/xilinx-local/Vivado/2016.2/lib/lnx64.o/libtcl8.5.so(Tcl_FSEvalFileEx+0x1d2) [0x7ffb0db60d02]
/var/local/xilinx-local/Vivado/2016.2/lib/lnx64.o/librdi_commontasks.so(+0x2c5a32) [0x7ffb0911ea32]
/var/local/xilinx-local/Vivado/2016.2/lib/lnx64.o/librdi_common.so(+0x5b7707) [0x7ffb12a7c707]
/var/local/xilinx-local/Vivado/2016.2/lib/lnx64.o/libtcl8.5.so(+0x331f5) [0x7ffb0dafa1f5]
/var/local/xilinx-local/Vivado/2016.2/lib/lnx64.o/libtcl8.5.so(Tcl_EvalObjv+0x32) [0x7ffb0dafa7e2]
/var/local/xilinx-local/Vivado/2016.2/lib/lnx64.o/libtcl8.5.so(TclEvalObjEx+0x322) [0x7ffb0dafc5d2]
/var/local/xilinx-local/Vivado/2016.2/lib/lnx64.o/librdi_commontasks.so(+0x2e3979) [0x7ffb0913c979]
/var/local/xilinx-local/Vivado/2016.2/lib/lnx64.o/librdi_commontasks.so(+0x2dc7c3) [0x7ffb091357c3]
/var/local/xilinx-local/Vivado/2016.2/lib/lnx64.o/librdi_common.so(+0x5b7707) [0x7ffb12a7c707]
/var/local/xilinx-local/Vivado/2016.2/lib/lnx64.o/libtcl8.5.so(+0x331f5) [0x7ffb0dafa1f5]
/var/local/xilinx-local/Vivado/2016.2/lib/lnx64.o/libtcl8.5.so(Tcl_EvalObjv+0x32) [0x7ffb0dafa7e2]
/var/local/xilinx-local/Vivado/2016.2/lib/lnx64.o/libtcl8.5.so(TclEvalObjEx+0x322) [0x7ffb0dafc5d2]
/var/local/xilinx-local/Vivado/2016.2/lib/lnx64.o/librdi_commonmain.so(+0x6330) [0x7ffb122c0330]
/var/local/xilinx-local/Vivado/2016.2/lib/lnx64.o/libtcl8.5.so(Tcl_Main+0x1d5) [0x7ffb0db67175]
/var/local/xilinx-local/Vivado/2016.2/lib/lnx64.o/librdi_common.so(+0x5f0409) [0x7ffb12ab5409]
/lib/x86_64-linux-gnu/libpthread.so.0(+0x8184) [0x7ffb114bd184]
/lib/x86_64-linux-gnu/libc.so.6(clone+0x6d) [0x7ffb11ad703d]
