#-----------------------------------------------------------
# Vivado v2015.4 (64-bit)
# SW Build 1412921 on Wed Nov 18 09:44:32 MST 2015
# IP Build 1412160 on Tue Nov 17 13:47:24 MST 2015
# Start of session at: Wed Nov 22 13:08:06 2017
# Process ID: 12473
# Current directory: /home/wbraun
# Command line: vivado
# Log file: /home/wbraun/vivado.log
# Journal file: /home/wbraun/vivado.jou
#-----------------------------------------------------------
start_gui
open_project /home/wbraun/camera_simple_frame_buffer/camera_simple_frame_buffer.xpr
Scanning sources...
Finished scanning sources
INFO: [IP_Flow 19-234] Refreshing IP repositories
INFO: [IP_Flow 19-1704] No user IP repositories specified
INFO: [IP_Flow 19-2313] Loaded Vivado IP repository '/opt/Xilinx/Vivado/2015.4/data/ip'.
open_project: Time (s): cpu = 00:00:13 ; elapsed = 00:00:06 . Memory (MB): peak = 5799.570 ; gain = 127.266 ; free physical = 138 ; free virtual = 7969
archive_project /home/wbraun/camera_simple_frame_buffer.xpr.zip -force -exclude_run_results
INFO: [Coretcl 2-137] starting archive...
INFO: [Coretcl 2-1499] Saving project copy to temporary location './.Xil/Vivado-12473-wbraun-PC' for archiving project
Scanning sources...
Finished scanning sources
INFO: [IP_Flow 19-234] Refreshing IP repositories
INFO: [IP_Flow 19-1704] No user IP repositories specified
INFO: [IP_Flow 19-2313] Loaded Vivado IP repository '/opt/Xilinx/Vivado/2015.4/data/ip'.
INFO: [Coretcl 2-1211] Creating project copy for archival...
INFO: [Coretcl 2-135] resetting runs for excluding generated files from archive...
WARNING: [Coretcl 2-105] Run 'synth_1' is currently active
INFO: [Coretcl 2-133] re-setting run 'synth_1'...
WARNING: [Coretcl 2-105] Run 'frame_buffer_synth_1' is currently active
INFO: [Coretcl 2-133] re-setting run 'frame_buffer_synth_1'...
WARNING: [Coretcl 2-105] Run 'video_clk_synth_1' is currently active
INFO: [Coretcl 2-133] re-setting run 'video_clk_synth_1'...
INFO: [Coretcl 2-133] re-setting run 'impl_1'...
INFO: [Coretcl 2-133] re-setting run 'frame_buffer_impl_1'...
INFO: [Coretcl 2-133] re-setting run 'video_clk_impl_1'...
