This is pdfTeX, Version 3.14159265-2.6-1.40.19 (TeX Live 2018/Arch Linux) (preloaded format=pdflatex 2018.9.9)  13 NOV 2018 13:57
entering extended mode
 restricted \write18 enabled.
 %&-line parsing enabled.
**/home/fpgamy/Documents/6111/6111work/Project/group_tb.v
(/home/fpgamy/Documents/6111/6111work/Project/group_tb.v
LaTeX2e <2018-04-01> patch level 5

! LaTeX Error: Missing \begin{document}.

See the LaTeX manual or LaTeX Companion for explanation.
Type  H <return>  for immediate help.
 ...                                              
                                                  
l.1 m
     odule group_tb;
? 
! Emergency stop.
 ...                                              
                                                  
l.1 m
     odule group_tb;
You're in trouble here.  Try typing  <return>  to proceed.
If that doesn't work, type  X <return>  to quit.

 
Here is how much of TeX's memory you used:
 8 strings out of 492642
 406 string characters out of 6135567
 56817 words of memory out of 5000000
 3992 multiletter control sequences out of 15000+600000
 3640 words of font info for 14 fonts, out of 8000000 for 9000
 1141 hyphenation exceptions out of 8191
 5i,0n,4p,74b,14s stack positions out of 5000i,500n,10000p,200000b,80000s
!  ==> Fatal error occurred, no output PDF file produced!
