--------------------------------------------------------------------------------
Release 10.1.03 Trace  (lin64)
Copyright (c) 1995-2008 Xilinx, Inc.  All rights reserved.

/afs/csail.mit.edu/proj/redsocs/Xilinx10.1/ISE/bin/lin64/unwrapped/trce -ise
/afs/athena.mit.edu/user/m/a/magson/Documents/6111/6111work/Labs/lab3_v2/lab3_v2.ise
-intstyle ise -v 3 -s 4 -xml lab3 lab3.ncd -o lab3.twr lab3.pcf -ucf labkit.ucf

Design file:              lab3.ncd
Physical constraint file: lab3.pcf
Device,package,speed:     xc2v6000,bf957,-4 (PRODUCTION 1.121 2008-07-25, STEPPING level 0)
Report level:             verbose report

Environment Variable      Effect 
--------------------      ------ 
NONE                      No environment variables were set
--------------------------------------------------------------------------------

INFO:Timing:2698 - No timing constraints found, doing default enumeration.
INFO:Timing:2752 - To get complete path coverage, use the unconstrained paths 
   option. All paths that are not constrained will be reported in the 
   unconstrained paths section(s) of the report.
INFO:Timing:3339 - The clock-to-out numbers in this timing report are based on 
   a 50 Ohm transmission line loading model.  For the details of this model, 
   and for more information on accounting for different loading conditions, 
   please see the device datasheet.



Data Sheet report:
-----------------
All values displayed in nanoseconds (ns)

Setup/Hold to clock clock_27mhz
------------+------------+------------+------------------+--------+
            |  Setup to  |  Hold to   |                  | Clock  |
Source      | clk (edge) | clk (edge) |Internal Clock(s) | Phase  |
------------+------------+------------+------------------+--------+
button_down |    1.775(R)|    0.206(R)|clock_65mhz       |   0.000|
button_enter|    0.952(R)|    1.096(R)|clock_65mhz       |   0.000|
button_up   |    1.657(R)|    0.365(R)|clock_65mhz       |   0.000|
switch<0>   |    7.983(R)|   -1.207(R)|clock_65mhz       |   0.000|
switch<1>   |    8.715(R)|   -2.806(R)|clock_65mhz       |   0.000|
switch<4>   |   13.305(R)|   -1.837(R)|clock_65mhz       |   0.000|
switch<5>   |   14.143(R)|   -2.801(R)|clock_65mhz       |   0.000|
switch<6>   |   14.543(R)|   -2.776(R)|clock_65mhz       |   0.000|
switch<7>   |   13.163(R)|   -1.698(R)|clock_65mhz       |   0.000|
------------+------------+------------+------------------+--------+

Clock clock_27mhz to Pad
----------------+------------+------------------+--------+
                | clk (edge) |                  | Clock  |
Destination     |   to PAD   |Internal Clock(s) | Phase  |
----------------+------------+------------------+--------+
led<2>          |   18.740(R)|clock_65mhz       |   0.000|
led<3>          |   17.363(R)|clock_65mhz       |   0.000|
led<4>          |   15.699(R)|clock_65mhz       |   0.000|
vga_out_blank_b |   12.985(R)|clock_65mhz       |   0.000|
vga_out_blue<0> |   12.487(R)|clock_65mhz       |   0.000|
vga_out_blue<1> |   12.429(R)|clock_65mhz       |   0.000|
vga_out_blue<2> |   12.389(R)|clock_65mhz       |   0.000|
vga_out_blue<3> |   11.617(R)|clock_65mhz       |   0.000|
vga_out_blue<4> |   11.585(R)|clock_65mhz       |   0.000|
vga_out_blue<5> |   11.581(R)|clock_65mhz       |   0.000|
vga_out_blue<6> |   11.246(R)|clock_65mhz       |   0.000|
vga_out_blue<7> |   11.590(R)|clock_65mhz       |   0.000|
vga_out_green<0>|   11.590(R)|clock_65mhz       |   0.000|
vga_out_green<1>|   12.813(R)|clock_65mhz       |   0.000|
vga_out_green<2>|   11.470(R)|clock_65mhz       |   0.000|
vga_out_green<3>|   11.847(R)|clock_65mhz       |   0.000|
vga_out_green<4>|   13.261(R)|clock_65mhz       |   0.000|
vga_out_green<5>|   12.204(R)|clock_65mhz       |   0.000|
vga_out_green<6>|   12.517(R)|clock_65mhz       |   0.000|
vga_out_green<7>|   12.438(R)|clock_65mhz       |   0.000|
vga_out_hsync   |   12.954(R)|clock_65mhz       |   0.000|
vga_out_red<0>  |   13.159(R)|clock_65mhz       |   0.000|
vga_out_red<1>  |   12.386(R)|clock_65mhz       |   0.000|
vga_out_red<2>  |   13.477(R)|clock_65mhz       |   0.000|
vga_out_red<3>  |   12.863(R)|clock_65mhz       |   0.000|
vga_out_red<4>  |   13.174(R)|clock_65mhz       |   0.000|
vga_out_red<5>  |   12.827(R)|clock_65mhz       |   0.000|
vga_out_red<6>  |   13.598(R)|clock_65mhz       |   0.000|
vga_out_red<7>  |   13.213(R)|clock_65mhz       |   0.000|
vga_out_vsync   |   12.879(R)|clock_65mhz       |   0.000|
----------------+------------+------------------+--------+

Clock to Setup on destination clock clock_27mhz
---------------+---------+---------+---------+---------+
               | Src:Rise| Src:Fall| Src:Rise| Src:Fall|
Source Clock   |Dest:Rise|Dest:Rise|Dest:Fall|Dest:Fall|
---------------+---------+---------+---------+---------+
clock_27mhz    |   27.255|         |         |         |
---------------+---------+---------+---------+---------+

Pad to Pad
---------------+-------------------+---------+
Source Pad     |Destination Pad    |  Delay  |
---------------+-------------------+---------+
clock_27mhz    |vga_out_pixel_clock|   11.446|
switch<0>      |led<0>             |    6.389|
switch<1>      |led<1>             |    6.840|
---------------+-------------------+---------+


Analysis completed Tue Sep 25 20:09:03 2018 
--------------------------------------------------------------------------------

Trace Settings:
-------------------------
Trace Settings 

Peak Memory Usage: 359 MB



