#! /usr/bin/vvp
:ivl_version "10.2 (stable)" "(v10_2)";
:ivl_delay_selection "TYPICAL";
:vpi_time_precision + 0;
:vpi_module "system";
:vpi_module "vhdl_sys";
:vpi_module "v2005_math";
:vpi_module "va_math";
S_0x5569aaa50190 .scope module, "problem2" "problem2" 2 1;
 .timescale 0 0;
    .port_info 0 /INPUT 8 "problem_a"
    .port_info 1 /OUTPUT 4 "solution_a"
    .port_info 2 /INPUT 16 "problem_b_1"
    .port_info 3 /INPUT 16 "problem_b_2"
    .port_info 4 /OUTPUT 17 "solution_b"
    .port_info 5 /INPUT 2 "problem_c_0"
    .port_info 6 /INPUT 2 "problem_c_1"
    .port_info 7 /INPUT 2 "problem_c_2"
    .port_info 8 /INPUT 2 "problem_c_3"
    .port_info 9 /OUTPUT 2 "solution_c"
    .port_info 10 /INPUT 2 "problem_d_0"
    .port_info 11 /INPUT 2 "problem_d_1"
    .port_info 12 /INPUT 2 "problem_d_2"
    .port_info 13 /INPUT 2 "problem_d_3"
    .port_info 14 /OUTPUT 2 "solution_d"
P_0x5569aaaa62e0 .param/l "I0_IS_ONE" 1 2 44, C4<0001>;
P_0x5569aaaa6320 .param/l "I1_IS_ONE" 1 2 43, C4<0010>;
P_0x5569aaaa6360 .param/l "I2_IS_ONE" 1 2 42, C4<0100>;
P_0x5569aaaa63a0 .param/l "I3_IS_ONE" 1 2 41, C4<1000>;
P_0x5569aaaa63e0 .param/l "NONE_OF_THEM_ARE_ONE" 0 2 1, +C4<00000000000000000000000000000000>;
P_0x5569aaaa6420 .param/l "SIGNED_INPUT" 0 2 1, +C4<00000000000000000000000000000000>;
L_0x5569aaadd510 .functor NOT 1, L_0x5569aaade500, C4<0>, C4<0>, C4<0>;
L_0x5569aaa50680 .functor AND 1, L_0x5569aaadde90, L_0x5569aaadd510, C4<1>, C4<1>;
L_0x5569aaa50570 .functor NOT 1, L_0x5569aaadec00, C4<0>, C4<0>, C4<0>;
L_0x5569aaa8c1d0 .functor AND 1, L_0x5569aaade8f0, L_0x5569aaa50570, C4<1>, C4<1>;
L_0x5569aaa8c0e0 .functor NOT 1, L_0x5569aaadf090, C4<0>, C4<0>, C4<0>;
L_0x5569aaa8bff0 .functor AND 1, L_0x5569aaa8c1d0, L_0x5569aaa8c0e0, C4<1>, C4<1>;
L_0x5569aaa8bf00 .functor NOT 1, L_0x5569aaadf7e0, C4<0>, C4<0>, C4<0>;
L_0x5569aaadf970 .functor AND 1, L_0x5569aaadf4f0, L_0x5569aaa8bf00, C4<1>, C4<1>;
L_0x5569aaadfe20 .functor NOT 1, L_0x5569aaadfce0, C4<0>, C4<0>, C4<0>;
L_0x5569aaadfee0 .functor AND 1, L_0x5569aaadf970, L_0x5569aaadfe20, C4<1>, C4<1>;
L_0x5569aaae03b0 .functor NOT 1, L_0x5569aaae0270, C4<0>, C4<0>, C4<0>;
L_0x5569aaae0470 .functor AND 1, L_0x5569aaadfee0, L_0x5569aaae03b0, C4<1>, C4<1>;
v0x5569aaac6680_0 .net *"_s1", 16 0, L_0x5569aaacc5b0;  1 drivers
L_0x7fcb522ba6d8 .functor BUFT 1, C4<000000000000000000000000000000>, C4<0>, C4<0>, C4<0>;
v0x5569aaac6780_0 .net *"_s102", 29 0, L_0x7fcb522ba6d8;  1 drivers
L_0x7fcb522ba720 .functor BUFT 1, C4<00000000000000000000000000000001>, C4<0>, C4<0>, C4<0>;
v0x5569aaac6860_0 .net/2u *"_s103", 31 0, L_0x7fcb522ba720;  1 drivers
v0x5569aaac6920_0 .net *"_s105", 0 0, L_0x5569aaadec00;  1 drivers
v0x5569aaac69e0_0 .net *"_s107", 0 0, L_0x5569aaa50570;  1 drivers
v0x5569aaac6b10_0 .net *"_s109", 0 0, L_0x5569aaa8c1d0;  1 drivers
v0x5569aaac6bf0_0 .net *"_s11", 31 0, L_0x5569aaacc9c0;  1 drivers
v0x5569aaac6cd0_0 .net *"_s111", 31 0, L_0x5569aaadee60;  1 drivers
L_0x7fcb522ba768 .functor BUFT 1, C4<000000000000000000000000000000>, C4<0>, C4<0>, C4<0>;
v0x5569aaac6db0_0 .net *"_s114", 29 0, L_0x7fcb522ba768;  1 drivers
L_0x7fcb522ba7b0 .functor BUFT 1, C4<00000000000000000000000000000001>, C4<0>, C4<0>, C4<0>;
v0x5569aaac6e90_0 .net/2u *"_s115", 31 0, L_0x7fcb522ba7b0;  1 drivers
v0x5569aaac6f70_0 .net *"_s117", 0 0, L_0x5569aaadf090;  1 drivers
v0x5569aaac7030_0 .net *"_s119", 0 0, L_0x5569aaa8c0e0;  1 drivers
v0x5569aaac7110_0 .net *"_s121", 0 0, L_0x5569aaa8bff0;  1 drivers
v0x5569aaac71f0_0 .net *"_s123", 31 0, L_0x5569aaadf300;  1 drivers
L_0x7fcb522ba7f8 .functor BUFT 1, C4<000000000000000000000000000000>, C4<0>, C4<0>, C4<0>;
v0x5569aaac72d0_0 .net *"_s126", 29 0, L_0x7fcb522ba7f8;  1 drivers
L_0x7fcb522ba840 .functor BUFT 1, C4<00000000000000000000000000000001>, C4<0>, C4<0>, C4<0>;
v0x5569aaac73b0_0 .net/2u *"_s127", 31 0, L_0x7fcb522ba840;  1 drivers
v0x5569aaac7490_0 .net *"_s129", 0 0, L_0x5569aaadf4f0;  1 drivers
v0x5569aaac7660_0 .net *"_s131", 31 0, L_0x5569aaadf630;  1 drivers
L_0x7fcb522ba888 .functor BUFT 1, C4<000000000000000000000000000000>, C4<0>, C4<0>, C4<0>;
v0x5569aaac7740_0 .net *"_s134", 29 0, L_0x7fcb522ba888;  1 drivers
L_0x7fcb522ba8d0 .functor BUFT 1, C4<00000000000000000000000000000001>, C4<0>, C4<0>, C4<0>;
v0x5569aaac7820_0 .net/2u *"_s135", 31 0, L_0x7fcb522ba8d0;  1 drivers
v0x5569aaac7900_0 .net *"_s137", 0 0, L_0x5569aaadf7e0;  1 drivers
v0x5569aaac79c0_0 .net *"_s139", 0 0, L_0x5569aaa8bf00;  1 drivers
L_0x7fcb522ba0f0 .functor BUFT 1, C4<000000000000000000000000000000>, C4<0>, C4<0>, C4<0>;
v0x5569aaac7aa0_0 .net *"_s14", 29 0, L_0x7fcb522ba0f0;  1 drivers
v0x5569aaac7b80_0 .net *"_s141", 0 0, L_0x5569aaadf970;  1 drivers
v0x5569aaac7c60_0 .net *"_s143", 31 0, L_0x5569aaadfad0;  1 drivers
L_0x7fcb522ba918 .functor BUFT 1, C4<000000000000000000000000000000>, C4<0>, C4<0>, C4<0>;
v0x5569aaac7d40_0 .net *"_s146", 29 0, L_0x7fcb522ba918;  1 drivers
L_0x7fcb522ba960 .functor BUFT 1, C4<00000000000000000000000000000001>, C4<0>, C4<0>, C4<0>;
v0x5569aaac7e20_0 .net/2u *"_s147", 31 0, L_0x7fcb522ba960;  1 drivers
v0x5569aaac7f00_0 .net *"_s149", 0 0, L_0x5569aaadfce0;  1 drivers
L_0x7fcb522ba138 .functor BUFT 1, C4<00000000000000000000000000000001>, C4<0>, C4<0>, C4<0>;
v0x5569aaac7fc0_0 .net/2u *"_s15", 31 0, L_0x7fcb522ba138;  1 drivers
v0x5569aaac80a0_0 .net *"_s151", 0 0, L_0x5569aaadfe20;  1 drivers
v0x5569aaac8180_0 .net *"_s153", 0 0, L_0x5569aaadfee0;  1 drivers
v0x5569aaac8260_0 .net *"_s155", 31 0, L_0x5569aaae0050;  1 drivers
L_0x7fcb522ba9a8 .functor BUFT 1, C4<000000000000000000000000000000>, C4<0>, C4<0>, C4<0>;
v0x5569aaac8340_0 .net *"_s158", 29 0, L_0x7fcb522ba9a8;  1 drivers
L_0x7fcb522ba9f0 .functor BUFT 1, C4<00000000000000000000000000000001>, C4<0>, C4<0>, C4<0>;
v0x5569aaac8630_0 .net/2u *"_s159", 31 0, L_0x7fcb522ba9f0;  1 drivers
v0x5569aaac8710_0 .net *"_s161", 0 0, L_0x5569aaae0270;  1 drivers
v0x5569aaac87d0_0 .net *"_s163", 0 0, L_0x5569aaae03b0;  1 drivers
v0x5569aaac88b0_0 .net *"_s165", 0 0, L_0x5569aaae0470;  1 drivers
v0x5569aaac8990_0 .net *"_s17", 0 0, L_0x5569aaadcb70;  1 drivers
L_0x7fcb522ba180 .functor BUFT 1, C4<00000000000000000000000000000011>, C4<0>, C4<0>, C4<0>;
v0x5569aaac8a50_0 .net/2u *"_s19", 31 0, L_0x7fcb522ba180;  1 drivers
v0x5569aaac8b30_0 .net *"_s21", 31 0, L_0x5569aaadccf0;  1 drivers
L_0x7fcb522ba1c8 .functor BUFT 1, C4<000000000000000000000000000000>, C4<0>, C4<0>, C4<0>;
v0x5569aaac8c10_0 .net *"_s24", 29 0, L_0x7fcb522ba1c8;  1 drivers
L_0x7fcb522ba210 .functor BUFT 1, C4<00000000000000000000000000000001>, C4<0>, C4<0>, C4<0>;
v0x5569aaac8cf0_0 .net/2u *"_s25", 31 0, L_0x7fcb522ba210;  1 drivers
v0x5569aaac8dd0_0 .net *"_s27", 0 0, L_0x5569aaadce10;  1 drivers
L_0x7fcb522ba258 .functor BUFT 1, C4<00000000000000000000000000000010>, C4<0>, C4<0>, C4<0>;
v0x5569aaac8e90_0 .net/2u *"_s29", 31 0, L_0x7fcb522ba258;  1 drivers
v0x5569aaac8f70_0 .net *"_s31", 31 0, L_0x5569aaadcfd0;  1 drivers
L_0x7fcb522ba2a0 .functor BUFT 1, C4<000000000000000000000000000000>, C4<0>, C4<0>, C4<0>;
v0x5569aaac9050_0 .net *"_s34", 29 0, L_0x7fcb522ba2a0;  1 drivers
L_0x7fcb522ba2e8 .functor BUFT 1, C4<00000000000000000000000000000001>, C4<0>, C4<0>, C4<0>;
v0x5569aaac9130_0 .net/2u *"_s35", 31 0, L_0x7fcb522ba2e8;  1 drivers
v0x5569aaac9210_0 .net *"_s37", 0 0, L_0x5569aaadd0d0;  1 drivers
L_0x7fcb522ba330 .functor BUFT 1, C4<00000000000000000000000000000001>, C4<0>, C4<0>, C4<0>;
v0x5569aaac92d0_0 .net/2u *"_s39", 31 0, L_0x7fcb522ba330;  1 drivers
L_0x7fcb522ba060 .functor BUFT 1, C4<0>, C4<0>, C4<0>, C4<0>;
v0x5569aaac93b0_0 .net *"_s4", 0 0, L_0x7fcb522ba060;  1 drivers
v0x5569aaac9490_0 .net *"_s41", 31 0, L_0x5569aaadd2a0;  1 drivers
L_0x7fcb522ba378 .functor BUFT 1, C4<000000000000000000000000000000>, C4<0>, C4<0>, C4<0>;
v0x5569aaac9570_0 .net *"_s44", 29 0, L_0x7fcb522ba378;  1 drivers
L_0x7fcb522ba3c0 .functor BUFT 1, C4<00000000000000000000000000000001>, C4<0>, C4<0>, C4<0>;
v0x5569aaac9650_0 .net/2u *"_s45", 31 0, L_0x7fcb522ba3c0;  1 drivers
v0x5569aaac9730_0 .net *"_s47", 0 0, L_0x5569aaadd3a0;  1 drivers
L_0x7fcb522ba408 .functor BUFT 1, C4<00000000000000000000000000000000>, C4<0>, C4<0>, C4<0>;
v0x5569aaac97f0_0 .net/2u *"_s49", 31 0, L_0x7fcb522ba408;  1 drivers
v0x5569aaac98d0_0 .net *"_s5", 16 0, L_0x5569aaacc6d0;  1 drivers
L_0x7fcb522ba450 .functor BUFT 1, C4<00000000000000000000000000000000>, C4<0>, C4<0>, C4<0>;
v0x5569aaac99b0_0 .net/2u *"_s51", 31 0, L_0x7fcb522ba450;  1 drivers
v0x5569aaac9a90_0 .net *"_s53", 31 0, L_0x5569aaadd580;  1 drivers
v0x5569aaac9b70_0 .net *"_s55", 31 0, L_0x5569aaadd740;  1 drivers
v0x5569aaac9c50_0 .net *"_s57", 31 0, L_0x5569aaadd950;  1 drivers
v0x5569aaac9d30_0 .net *"_s59", 31 0, L_0x5569aaaddae0;  1 drivers
v0x5569aaac9e10_0 .net *"_s63", 31 0, L_0x5569aaadddf0;  1 drivers
L_0x7fcb522ba498 .functor BUFT 1, C4<000000000000000000000000000000>, C4<0>, C4<0>, C4<0>;
v0x5569aaac9ef0_0 .net *"_s66", 29 0, L_0x7fcb522ba498;  1 drivers
L_0x7fcb522ba4e0 .functor BUFT 1, C4<00000000000000000000000000000001>, C4<0>, C4<0>, C4<0>;
v0x5569aaac9fd0_0 .net/2u *"_s67", 31 0, L_0x7fcb522ba4e0;  1 drivers
v0x5569aaaca0b0_0 .net *"_s69", 0 0, L_0x5569aaaddf80;  1 drivers
v0x5569aaaca580_0 .net *"_s71", 31 0, L_0x5569aaade0c0;  1 drivers
L_0x7fcb522ba528 .functor BUFT 1, C4<000000000000000000000000000000>, C4<0>, C4<0>, C4<0>;
v0x5569aaaca660_0 .net *"_s74", 29 0, L_0x7fcb522ba528;  1 drivers
L_0x7fcb522ba570 .functor BUFT 1, C4<00000000000000000000000000000001>, C4<0>, C4<0>, C4<0>;
v0x5569aaaca740_0 .net/2u *"_s75", 31 0, L_0x7fcb522ba570;  1 drivers
v0x5569aaaca820_0 .net *"_s77", 0 0, L_0x5569aaadde90;  1 drivers
v0x5569aaaca8e0_0 .net *"_s79", 31 0, L_0x5569aaade300;  1 drivers
L_0x7fcb522ba0a8 .functor BUFT 1, C4<0>, C4<0>, C4<0>, C4<0>;
v0x5569aaaca9c0_0 .net *"_s8", 0 0, L_0x7fcb522ba0a8;  1 drivers
L_0x7fcb522ba5b8 .functor BUFT 1, C4<000000000000000000000000000000>, C4<0>, C4<0>, C4<0>;
v0x5569aaacaaa0_0 .net *"_s82", 29 0, L_0x7fcb522ba5b8;  1 drivers
L_0x7fcb522ba600 .functor BUFT 1, C4<00000000000000000000000000000001>, C4<0>, C4<0>, C4<0>;
v0x5569aaacab80_0 .net/2u *"_s83", 31 0, L_0x7fcb522ba600;  1 drivers
v0x5569aaacac60_0 .net *"_s85", 0 0, L_0x5569aaade500;  1 drivers
v0x5569aaacad20_0 .net *"_s87", 0 0, L_0x5569aaadd510;  1 drivers
v0x5569aaacae00_0 .net *"_s89", 0 0, L_0x5569aaa50680;  1 drivers
v0x5569aaacaee0_0 .net *"_s91", 31 0, L_0x5569aaade730;  1 drivers
L_0x7fcb522ba648 .functor BUFT 1, C4<000000000000000000000000000000>, C4<0>, C4<0>, C4<0>;
v0x5569aaacafc0_0 .net *"_s94", 29 0, L_0x7fcb522ba648;  1 drivers
L_0x7fcb522ba690 .functor BUFT 1, C4<00000000000000000000000000000001>, C4<0>, C4<0>, C4<0>;
v0x5569aaacb0a0_0 .net/2u *"_s95", 31 0, L_0x7fcb522ba690;  1 drivers
v0x5569aaacb180_0 .net *"_s97", 0 0, L_0x5569aaade8f0;  1 drivers
v0x5569aaacb240_0 .net *"_s99", 31 0, L_0x5569aaadea30;  1 drivers
v0x5569aaacb320_0 .net "is_one", 3 0, L_0x5569aaae05f0;  1 drivers
o0x7fcb52a39008 .functor BUFZ 8, C4<zzzzzzzz>; HiZ drive
v0x5569aaacb400_0 .net "problem_a", 7 0, o0x7fcb52a39008;  0 drivers
o0x7fcb52a39038 .functor BUFZ 16, C4<zzzzzzzzzzzzzzzz>; HiZ drive
v0x5569aaacb4e0_0 .net "problem_b_1", 15 0, o0x7fcb52a39038;  0 drivers
o0x7fcb52a39068 .functor BUFZ 16, C4<zzzzzzzzzzzzzzzz>; HiZ drive
v0x5569aaacb5c0_0 .net "problem_b_2", 15 0, o0x7fcb52a39068;  0 drivers
o0x7fcb52a39098 .functor BUFZ 2, C4<zz>; HiZ drive
v0x5569aaacb6a0_0 .net "problem_c_0", 1 0, o0x7fcb52a39098;  0 drivers
o0x7fcb52a390c8 .functor BUFZ 2, C4<zz>; HiZ drive
v0x5569aaacb780_0 .net "problem_c_1", 1 0, o0x7fcb52a390c8;  0 drivers
o0x7fcb52a390f8 .functor BUFZ 2, C4<zz>; HiZ drive
v0x5569aaacb860_0 .net "problem_c_2", 1 0, o0x7fcb52a390f8;  0 drivers
o0x7fcb52a39128 .functor BUFZ 2, C4<zz>; HiZ drive
v0x5569aaacb940_0 .net "problem_c_3", 1 0, o0x7fcb52a39128;  0 drivers
o0x7fcb52a39158 .functor BUFZ 2, C4<zz>; HiZ drive
v0x5569aaacba20_0 .net "problem_d_0", 1 0, o0x7fcb52a39158;  0 drivers
o0x7fcb52a39188 .functor BUFZ 2, C4<zz>; HiZ drive
v0x5569aaacbb00_0 .net "problem_d_1", 1 0, o0x7fcb52a39188;  0 drivers
o0x7fcb52a391b8 .functor BUFZ 2, C4<zz>; HiZ drive
v0x5569aaacbbe0_0 .net "problem_d_2", 1 0, o0x7fcb52a391b8;  0 drivers
o0x7fcb52a391e8 .functor BUFZ 2, C4<zz>; HiZ drive
v0x5569aaacbcc0_0 .net "problem_d_3", 1 0, o0x7fcb52a391e8;  0 drivers
v0x5569aaacbda0_0 .net "solution_a", 3 0, L_0x5569aaacc4c0;  1 drivers
v0x5569aaacbe80_0 .net "solution_b", 16 0, L_0x5569aaacc820;  1 drivers
v0x5569aaacbf60_0 .net "solution_c", 1 0, L_0x5569aaaddd00;  1 drivers
v0x5569aaacc040_0 .var "solution_d", 1 0;
E_0x5569aaa885b0 .event edge, v0x5569aaacb320_0;
L_0x5569aaacc300 .part o0x7fcb52a39008, 4, 4;
L_0x5569aaacc5b0 .concat [ 16 1 0 0], o0x7fcb52a39038, L_0x7fcb522ba060;
L_0x5569aaacc6d0 .concat [ 16 1 0 0], o0x7fcb52a39068, L_0x7fcb522ba0a8;
L_0x5569aaacc820 .arith/sum 17, L_0x5569aaacc5b0, L_0x5569aaacc6d0;
L_0x5569aaacc9c0 .concat [ 2 30 0 0], o0x7fcb52a39128, L_0x7fcb522ba0f0;
L_0x5569aaadcb70 .cmp/eq 32, L_0x5569aaacc9c0, L_0x7fcb522ba138;
L_0x5569aaadccf0 .concat [ 2 30 0 0], o0x7fcb52a390f8, L_0x7fcb522ba1c8;
L_0x5569aaadce10 .cmp/eq 32, L_0x5569aaadccf0, L_0x7fcb522ba210;
L_0x5569aaadcfd0 .concat [ 2 30 0 0], o0x7fcb52a390c8, L_0x7fcb522ba2a0;
L_0x5569aaadd0d0 .cmp/eq 32, L_0x5569aaadcfd0, L_0x7fcb522ba2e8;
L_0x5569aaadd2a0 .concat [ 2 30 0 0], o0x7fcb52a39098, L_0x7fcb522ba378;
L_0x5569aaadd3a0 .cmp/eq 32, L_0x5569aaadd2a0, L_0x7fcb522ba3c0;
L_0x5569aaadd580 .functor MUXZ 32, L_0x7fcb522ba450, L_0x7fcb522ba408, L_0x5569aaadd3a0, C4<>;
L_0x5569aaadd740 .functor MUXZ 32, L_0x5569aaadd580, L_0x7fcb522ba330, L_0x5569aaadd0d0, C4<>;
L_0x5569aaadd950 .functor MUXZ 32, L_0x5569aaadd740, L_0x7fcb522ba258, L_0x5569aaadce10, C4<>;
L_0x5569aaaddae0 .functor MUXZ 32, L_0x5569aaadd950, L_0x7fcb522ba180, L_0x5569aaadcb70, C4<>;
L_0x5569aaaddd00 .part L_0x5569aaaddae0, 0, 2;
L_0x5569aaadddf0 .concat [ 2 30 0 0], o0x7fcb52a391e8, L_0x7fcb522ba498;
L_0x5569aaaddf80 .cmp/eq 32, L_0x5569aaadddf0, L_0x7fcb522ba4e0;
L_0x5569aaade0c0 .concat [ 2 30 0 0], o0x7fcb52a391b8, L_0x7fcb522ba528;
L_0x5569aaadde90 .cmp/eq 32, L_0x5569aaade0c0, L_0x7fcb522ba570;
L_0x5569aaade300 .concat [ 2 30 0 0], o0x7fcb52a391e8, L_0x7fcb522ba5b8;
L_0x5569aaade500 .cmp/eq 32, L_0x5569aaade300, L_0x7fcb522ba600;
L_0x5569aaade730 .concat [ 2 30 0 0], o0x7fcb52a39188, L_0x7fcb522ba648;
L_0x5569aaade8f0 .cmp/eq 32, L_0x5569aaade730, L_0x7fcb522ba690;
L_0x5569aaadea30 .concat [ 2 30 0 0], o0x7fcb52a391e8, L_0x7fcb522ba6d8;
L_0x5569aaadec00 .cmp/eq 32, L_0x5569aaadea30, L_0x7fcb522ba720;
L_0x5569aaadee60 .concat [ 2 30 0 0], o0x7fcb52a391b8, L_0x7fcb522ba768;
L_0x5569aaadf090 .cmp/eq 32, L_0x5569aaadee60, L_0x7fcb522ba7b0;
L_0x5569aaadf300 .concat [ 2 30 0 0], o0x7fcb52a39158, L_0x7fcb522ba7f8;
L_0x5569aaadf4f0 .cmp/eq 32, L_0x5569aaadf300, L_0x7fcb522ba840;
L_0x5569aaadf630 .concat [ 2 30 0 0], o0x7fcb52a391e8, L_0x7fcb522ba888;
L_0x5569aaadf7e0 .cmp/eq 32, L_0x5569aaadf630, L_0x7fcb522ba8d0;
L_0x5569aaadfad0 .concat [ 2 30 0 0], o0x7fcb52a391b8, L_0x7fcb522ba918;
L_0x5569aaadfce0 .cmp/eq 32, L_0x5569aaadfad0, L_0x7fcb522ba960;
L_0x5569aaae0050 .concat [ 2 30 0 0], o0x7fcb52a39188, L_0x7fcb522ba9a8;
L_0x5569aaae0270 .cmp/eq 32, L_0x5569aaae0050, L_0x7fcb522ba9f0;
L_0x5569aaae05f0 .concat [ 1 1 1 1], L_0x5569aaae0470, L_0x5569aaa8bff0, L_0x5569aaa50680, L_0x5569aaaddf80;
S_0x5569aaaa65e0 .scope generate, "genblk1" "genblk1" 2 23, 2 23 0, S_0x5569aaa50190;
 .timescale 0 0;
v0x5569aaa503b0_0 .net *"_s0", 7 0, L_0x5569aaacc3a0;  1 drivers
v0x5569aaac64c0_0 .net *"_s1", 3 0, L_0x5569aaacc300;  1 drivers
L_0x7fcb522ba018 .functor BUFT 1, C4<0000>, C4<0>, C4<0>, C4<0>;
v0x5569aaac65c0_0 .net *"_s3", 3 0, L_0x7fcb522ba018;  1 drivers
L_0x5569aaacc3a0 .concat [ 4 4 0 0], L_0x5569aaacc300, L_0x7fcb522ba018;
L_0x5569aaacc4c0 .part L_0x5569aaacc3a0, 0, 4;
    .scope S_0x5569aaa50190;
T_0 ;
    %wait E_0x5569aaa885b0;
    %load/vec4 v0x5569aaacb320_0;
    %dup/vec4;
    %pushi/vec4 8, 0, 4;
    %cmp/u;
    %jmp/1 T_0.0, 6;
    %dup/vec4;
    %pushi/vec4 4, 0, 4;
    %cmp/u;
    %jmp/1 T_0.1, 6;
    %dup/vec4;
    %pushi/vec4 2, 0, 4;
    %cmp/u;
    %jmp/1 T_0.2, 6;
    %dup/vec4;
    %pushi/vec4 1, 0, 4;
    %cmp/u;
    %jmp/1 T_0.3, 6;
    %pushi/vec4 0, 0, 2;
    %store/vec4 v0x5569aaacc040_0, 0, 2;
    %jmp T_0.5;
T_0.0 ;
    %pushi/vec4 3, 0, 2;
    %store/vec4 v0x5569aaacc040_0, 0, 2;
    %jmp T_0.5;
T_0.1 ;
    %pushi/vec4 2, 0, 2;
    %store/vec4 v0x5569aaacc040_0, 0, 2;
    %jmp T_0.5;
T_0.2 ;
    %pushi/vec4 1, 0, 2;
    %store/vec4 v0x5569aaacc040_0, 0, 2;
    %jmp T_0.5;
T_0.3 ;
    %pushi/vec4 0, 0, 2;
    %store/vec4 v0x5569aaacc040_0, 0, 2;
    %jmp T_0.5;
T_0.5 ;
    %pop/vec4 1;
    %jmp T_0;
    .thread T_0, $push;
# The file index is used to find the file name in the following table.
:file_names 3;
    "N/A";
    "<interactive>";
    "problem2.v";
